<?xml version="1.0" encoding="utf-8"?><testsuites name="pytest tests"><testsuite name="pytest" errors="0" failures="0" skipped="0" tests="66" time="0.721" timestamp="2026-05-11T19:01:26.027476+01:00" hostname="Essams-MacBook-Air.local"><testcase classname="tests.test_app.TestSubmitBid" name="test_bid_amount_missing" time="0.025" /><testcase classname="tests.test_app.TestSubmitBid" name="test_bid_amount_negative" time="0.008" /><testcase classname="tests.test_app.TestSubmitBid" name="test_bid_amount_non_numeric" time="0.006" /><testcase classname="tests.test_app.TestSubmitBid" name="test_bid_amount_positive_float" time="0.011" /><testcase classname="tests.test_app.TestSubmitBid" name="test_bid_amount_very_large" time="0.009" /><testcase classname="tests.test_app.TestSubmitBid" name="test_bid_amount_zero" time="0.008" /><testcase classname="tests.test_app.TestSubmitBid" name="test_contractor_id_missing" time="0.011" /><testcase classname="tests.test_app.TestSubmitBid" name="test_contractor_id_non_numeric" time="0.007" /><testcase classname="tests.test_app.TestSubmitBid" name="test_contractor_id_not_found" time="0.007" /><testcase classname="tests.test_app.TestSubmitBid" name="test_contractor_id_valid_exists" time="0.011" /><testcase classname="tests.test_app.TestSubmitBid" name="test_explanation_empty" time="0.007" /><testcase classname="tests.test_app.TestSubmitBid" name="test_explanation_non_empty" time="0.008" /><testcase classname="tests.test_app.TestSubmitBid" name="test_job_id_missing" time="0.005" /><testcase classname="tests.test_app.TestSubmitBid" name="test_job_id_non_numeric" time="0.005" /><testcase classname="tests.test_app.TestSubmitBid" name="test_job_id_valid_exists" time="0.007" /><testcase classname="tests.test_app.TestSubmitBid" name="test_job_id_valid_not_found" time="0.007" /><testcase classname="tests.test_app.TestSubmitBid" name="test_timeline_missing" time="0.006" /><testcase classname="tests.test_app.TestSubmitBid" name="test_timeline_non_empty" time="0.007" /><testcase classname="tests.test_app.TestUpdateBidStatus" name="test_action_accept" time="0.012" /><testcase classname="tests.test_app.TestUpdateBidStatus" name="test_action_clarification" time="0.007" /><testcase classname="tests.test_app.TestUpdateBidStatus" name="test_action_invalid_string" time="0.005" /><testcase classname="tests.test_app.TestUpdateBidStatus" name="test_action_missing" time="0.005" /><testcase classname="tests.test_app.TestUpdateBidStatus" name="test_action_reject" time="0.008" /><testcase classname="tests.test_app.TestUpdateBidStatus" name="test_bid_not_found" time="0.006" /><testcase classname="tests.test_app.TestUpdateBidStatus" name="test_bid_valid" time="0.008" /><testcase classname="tests.test_app.TestUpdateBidStatus" name="test_job_not_found" time="0.006" /><testcase classname="tests.test_app.TestUpdateBidStatus" name="test_job_valid" time="0.007" /><testcase classname="tests.test_app.TestSubmitClarification" name="test_bid_not_found" time="0.017" /><testcase classname="tests.test_app.TestSubmitClarification" name="test_bid_valid" time="0.008" /><testcase classname="tests.test_app.TestSubmitClarification" name="test_correct_contractor" time="0.008" /><testcase classname="tests.test_app.TestSubmitClarification" name="test_job_not_found" time="0.008" /><testcase classname="tests.test_app.TestSubmitClarification" name="test_job_valid" time="0.008" /><testcase classname="tests.test_app.TestSubmitClarification" name="test_response_empty" time="0.006" /><testcase classname="tests.test_app.TestSubmitClarification" name="test_response_valid" time="0.008" /><testcase classname="tests.test_app.TestSubmitClarification" name="test_response_whitespace_only" time="0.006" /><testcase classname="tests.test_app.TestSubmitClarification" name="test_wrong_contractor" time="0.006" /><testcase classname="tests.test_app.TestViewJobBids" name="test_job_not_found" time="0.005" /><testcase classname="tests.test_app.TestViewJobBids" name="test_job_valid" time="0.007" /><testcase classname="tests.test_app.TestViewJobBids" name="test_max_price_null" time="0.005" /><testcase classname="tests.test_app.TestViewJobBids" name="test_max_price_valid_positive" time="0.005" /><testcase classname="tests.test_app.TestViewJobBids" name="test_max_price_zero" time="0.005" /><testcase classname="tests.test_app.TestViewJobBids" name="test_min_price_negative" time="0.006" /><testcase classname="tests.test_app.TestViewJobBids" name="test_min_price_null" time="0.004" /><testcase classname="tests.test_app.TestViewJobBids" name="test_min_price_valid_positive" time="0.004" /><testcase classname="tests.test_app.TestViewJobBids" name="test_min_price_zero" time="0.004" /><testcase classname="tests.test_app.TestViewJobBids" name="test_min_rating_null" time="0.005" /><testcase classname="tests.test_app.TestViewJobBids" name="test_min_rating_valid_positive" time="0.004" /><testcase classname="tests.test_app.TestViewJobBids" name="test_min_rating_zero" time="0.004" /><testcase classname="tests.test_app.TestViewJobBids" name="test_timeline_filter_matching" time="0.005" /><testcase classname="tests.test_app.TestViewJobBids" name="test_timeline_filter_non_matching" time="0.004" /><testcase classname="tests.test_app.TestViewJobBids" name="test_timeline_filter_null" time="0.006" /><testcase classname="tests.test_app.TestCompleteJob" name="test_bid_not_accepted" time="0.007" /><testcase classname="tests.test_app.TestCompleteJob" name="test_contractor_both_complete" time="0.008" /><testcase classname="tests.test_app.TestCompleteJob" name="test_contractor_first_to_complete" time="0.008" /><testcase classname="tests.test_app.TestCompleteJob" name="test_contractor_wrong_job" time="0.005" /><testcase classname="tests.test_app.TestCompleteJob" name="test_homeowner_both_complete" time="0.014" /><testcase classname="tests.test_app.TestCompleteJob" name="test_homeowner_first_to_complete" time="0.008" /><testcase classname="tests.test_app.TestCompleteJob" name="test_job_or_bid_not_found" time="0.007" /><testcase classname="tests.test_app.TestCompleteJob" name="test_no_role_in_session" time="0.006" /><testcase classname="tests.test_app.TestQuickChat" name="test_bid_not_accepted" time="0.006" /><testcase classname="tests.test_app.TestQuickChat" name="test_bid_not_found" time="0.010" /><testcase classname="tests.test_app.TestQuickChat" name="test_job_not_found" time="0.005" /><testcase classname="tests.test_app.TestQuickChat" name="test_message_empty" time="0.008" /><testcase classname="tests.test_app.TestQuickChat" name="test_message_valid_contractor" time="0.005" /><testcase classname="tests.test_app.TestQuickChat" name="test_message_valid_homeowner" time="0.006" /><testcase classname="tests.test_app.TestQuickChat" name="test_message_whitespace_only" time="0.005" /></testsuite></testsuites>