<?xml version="1.0" encoding="utf-8"?><testsuites name="pytest tests"><testsuite name="pytest" errors="0" failures="0" skipped="0" tests="41" time="5.221" timestamp="2026-05-14T14:06:30.003114+01:00" hostname="LAPTOP-A479HH21"><testcase classname="tests.test_app.TestPostJob" name="test_all_valid_fields" time="0.172" /><testcase classname="tests.test_app.TestPostJob" name="test_budget_currency" time="0.101" /><testcase classname="tests.test_app.TestPostJob" name="test_budget_large" time="0.092" /><testcase classname="tests.test_app.TestPostJob" name="test_budget_missing" time="0.097" /><testcase classname="tests.test_app.TestPostJob" name="test_budget_negative" time="0.082" /><testcase classname="tests.test_app.TestPostJob" name="test_budget_non_numeric" time="0.086" /><testcase classname="tests.test_app.TestPostJob" name="test_budget_valid_float" time="0.104" /><testcase classname="tests.test_app.TestPostJob" name="test_budget_valid_integer" time="0.093" /><testcase classname="tests.test_app.TestPostJob" name="test_budget_zero" time="0.087" /><testcase classname="tests.test_app.TestPostJob" name="test_category_case_mismatch" time="0.083" /><testcase classname="tests.test_app.TestPostJob" name="test_category_invalid" time="0.083" /><testcase classname="tests.test_app.TestPostJob" name="test_category_missing" time="0.085" /><testcase classname="tests.test_app.TestPostJob" name="test_category_spaces" time="0.083" /><testcase classname="tests.test_app.TestPostJob" name="test_category_valid" time="0.094" /><testcase classname="tests.test_app.TestPostJob" name="test_contractor_role_blocked" time="0.084" /><testcase classname="tests.test_app.TestPostJob" name="test_description_empty" time="0.091" /><testcase classname="tests.test_app.TestPostJob" name="test_description_missing" time="0.094" /><testcase classname="tests.test_app.TestPostJob" name="test_description_multiline" time="0.099" /><testcase classname="tests.test_app.TestPostJob" name="test_description_valid" time="0.094" /><testcase classname="tests.test_app.TestPostJob" name="test_description_very_long" time="0.080" /><testcase classname="tests.test_app.TestPostJob" name="test_description_whitespace" time="0.092" /><testcase classname="tests.test_app.TestPostJob" name="test_homeowner_role_allowed" time="0.075" /><testcase classname="tests.test_app.TestPostJob" name="test_location_missing" time="0.089" /><testcase classname="tests.test_app.TestPostJob" name="test_location_valid" time="0.105" /><testcase classname="tests.test_app.TestPostJob" name="test_location_very_long" time="0.097" /><testcase classname="tests.test_app.TestPostJob" name="test_location_whitespace" time="0.088" /><testcase classname="tests.test_app.TestPostJob" name="test_negotiable_false" time="0.089" /><testcase classname="tests.test_app.TestPostJob" name="test_negotiable_invalid" time="0.091" /><testcase classname="tests.test_app.TestPostJob" name="test_negotiable_true" time="0.101" /><testcase classname="tests.test_app.TestPostJob" name="test_no_role_in_session" time="0.084" /><testcase classname="tests.test_app.TestPostJob" name="test_one_required_field_missing" time="0.093" /><testcase classname="tests.test_app.TestPostJob" name="test_title_empty" time="0.081" /><testcase classname="tests.test_app.TestPostJob" name="test_title_missing" time="0.087" /><testcase classname="tests.test_app.TestPostJob" name="test_title_special_characters" time="0.105" /><testcase classname="tests.test_app.TestPostJob" name="test_title_valid_short" time="0.093" /><testcase classname="tests.test_app.TestPostJob" name="test_title_very_long" time="0.082" /><testcase classname="tests.test_app.TestPostJob" name="test_title_whitespace" time="0.084" /><testcase classname="tests.test_app.TestPostJob" name="test_urgency_case_mismatch" time="0.086" /><testcase classname="tests.test_app.TestPostJob" name="test_urgency_invalid" time="0.092" /><testcase classname="tests.test_app.TestPostJob" name="test_urgency_missing" time="0.083" /><testcase classname="tests.test_app.TestPostJob" name="test_urgency_valid" time="0.089" /></testsuite></testsuites>