<?xml version="1.0" encoding="utf-8"?><testsuites name="pytest tests"><testsuite name="pytest" errors="0" failures="0" skipped="0" tests="28" time="1.932" timestamp="2026-05-15T12:47:02.865516+01:00" hostname="DESKTOP-0LRVUOP"><testcase classname="tests.test_app.TestViewJobBids" name="test_min_rating_null" time="0.057" /><testcase classname="tests.test_app.TestViewJobBids" name="test_min_rating_valid_positive" time="0.035" /><testcase classname="tests.test_app.TestViewJobBids" name="test_min_rating_zero" time="0.038" /><testcase classname="tests.test_app.TestReviewAccess" name="test_review_added_to_database" time="0.059" /><testcase classname="tests.test_app.TestReviewAccess" name="test_review_form_not_available_before_complete" time="0.049" /><testcase classname="tests.test_app.TestRatingSubmission" name="test_invalid_submission_high" time="0.050" /><testcase classname="tests.test_app.TestRatingSubmission" name="test_invalid_submission_low" time="0.039" /><testcase classname="tests.test_app.TestRatingSubmission" name="test_missing_rating_homeowner" time="0.042" /><testcase classname="tests.test_app.TestRatingSubmission" name="test_multiple_selection_high_low" time="0.063" /><testcase classname="tests.test_app.TestRatingSubmission" name="test_multiple_selection_low_high" time="0.058" /><testcase classname="tests.test_app.TestRatingSubmission" name="test_valid_submission_singular" time="0.058" /><testcase classname="tests.test_app.TestRatingGroups" name="test_contractor_overall_rating_missing" time="0.063" /><testcase classname="tests.test_app.TestRatingGroups" name="test_contractor_overall_rating_valid" time="0.109" /><testcase classname="tests.test_app.TestRatingGroups" name="test_homeowner_communication_rating" time="0.048" /><testcase classname="tests.test_app.TestRatingGroups" name="test_homeowner_punctuality_rating" time="0.055" /><testcase classname="tests.test_app.TestRatingGroups" name="test_homeowner_quality_rating" time="0.047" /><testcase classname="tests.test_app.TestEditingReview" name="test_edit_after_60_seconds" time="0.044" /><testcase classname="tests.test_app.TestEditingReview" name="test_edit_button_does_not_appear_before_posted" time="0.035" /><testcase classname="tests.test_app.TestEditingReview" name="test_edit_button_missing_after_edit_made" time="0.041" /><testcase classname="tests.test_app.TestEditingReview" name="test_edit_submitted_comment_changed" time="0.048" /><testcase classname="tests.test_app.TestEditingReview" name="test_edit_submitted_star_rating_changed" time="0.051" /><testcase classname="tests.test_app.TestEditingReview" name="test_edit_submitted_without_changes" time="0.038" /><testcase classname="tests.test_app.TestEditingReview" name="test_edit_within_60_seconds" time="0.052" /><testcase classname="tests.test_app.TestPostingReview" name="test_error_to_lacking_input" time="0.035" /><testcase classname="tests.test_app.TestPostingReview" name="test_image_upload_invalid_format" time="0.071" /><testcase classname="tests.test_app.TestPostingReview" name="test_image_upload_valid_format" time="0.046" /><testcase classname="tests.test_app.TestPostingReview" name="test_invalid_submission_comment_over_500" time="0.041" /><testcase classname="tests.test_app.TestPostingReview" name="test_valid_submission_missing_comment" time="0.054" /></testsuite></testsuites>