<?xml version="1.0" encoding="utf-8"?><testsuites name="pytest tests"><testsuite name="pytest" errors="0" failures="0" skipped="0" tests="132" time="1.353" timestamp="2026-05-15T18:26:41.096992+01:00" hostname="Essams-MacBook-Air.local"><testcase classname="tests.test_app.TestPostJob" name="test_all_valid_fields" time="0.038" /><testcase classname="tests.test_app.TestPostJob" name="test_budget_currency" time="0.011" /><testcase classname="tests.test_app.TestPostJob" name="test_budget_large" time="0.008" /><testcase classname="tests.test_app.TestPostJob" name="test_budget_missing" time="0.007" /><testcase classname="tests.test_app.TestPostJob" name="test_budget_negative" time="0.006" /><testcase classname="tests.test_app.TestPostJob" name="test_budget_non_numeric" time="0.005" /><testcase classname="tests.test_app.TestPostJob" name="test_budget_valid_float" time="0.006" /><testcase classname="tests.test_app.TestPostJob" name="test_budget_valid_integer" time="0.006" /><testcase classname="tests.test_app.TestPostJob" name="test_budget_zero" time="0.005" /><testcase classname="tests.test_app.TestPostJob" name="test_category_case_mismatch" time="0.005" /><testcase classname="tests.test_app.TestPostJob" name="test_category_invalid" time="0.005" /><testcase classname="tests.test_app.TestPostJob" name="test_category_missing" time="0.007" /><testcase classname="tests.test_app.TestPostJob" name="test_category_spaces" time="0.007" /><testcase classname="tests.test_app.TestPostJob" name="test_category_valid" time="0.006" /><testcase classname="tests.test_app.TestPostJob" name="test_contractor_role_blocked" time="0.007" /><testcase classname="tests.test_app.TestPostJob" name="test_description_empty" time="0.006" /><testcase classname="tests.test_app.TestPostJob" name="test_description_missing" time="0.005" /><testcase classname="tests.test_app.TestPostJob" name="test_description_multiline" time="0.007" /><testcase classname="tests.test_app.TestPostJob" name="test_description_valid" time="0.005" /><testcase classname="tests.test_app.TestPostJob" name="test_description_very_long" time="0.005" /><testcase classname="tests.test_app.TestPostJob" name="test_description_whitespace" time="0.007" /><testcase classname="tests.test_app.TestPostJob" name="test_homeowner_role_allowed" time="0.005" /><testcase classname="tests.test_app.TestPostJob" name="test_location_missing" time="0.005" /><testcase classname="tests.test_app.TestPostJob" name="test_location_valid" time="0.007" /><testcase classname="tests.test_app.TestPostJob" name="test_location_very_long" time="0.005" /><testcase classname="tests.test_app.TestPostJob" name="test_location_whitespace" time="0.005" /><testcase classname="tests.test_app.TestPostJob" name="test_negotiable_false" time="0.007" /><testcase classname="tests.test_app.TestPostJob" name="test_negotiable_invalid" time="0.005" /><testcase classname="tests.test_app.TestPostJob" name="test_negotiable_true" time="0.006" /><testcase classname="tests.test_app.TestPostJob" name="test_no_role_in_session" time="0.006" /><testcase classname="tests.test_app.TestPostJob" name="test_one_required_field_missing" time="0.006" /><testcase classname="tests.test_app.TestPostJob" name="test_title_empty" time="0.006" /><testcase classname="tests.test_app.TestPostJob" name="test_title_missing" time="0.005" /><testcase classname="tests.test_app.TestPostJob" name="test_title_special_characters" time="0.006" /><testcase classname="tests.test_app.TestPostJob" name="test_title_valid_short" time="0.006" /><testcase classname="tests.test_app.TestPostJob" name="test_title_very_long" time="0.005" /><testcase classname="tests.test_app.TestPostJob" name="test_title_whitespace" time="0.005" /><testcase classname="tests.test_app.TestPostJob" name="test_urgency_case_mismatch" time="0.006" /><testcase classname="tests.test_app.TestPostJob" name="test_urgency_invalid" time="0.005" /><testcase classname="tests.test_app.TestPostJob" name="test_urgency_missing" time="0.005" /><testcase classname="tests.test_app.TestPostJob" name="test_urgency_valid" time="0.007" /><testcase classname="tests.test_app.TestSubmitBid" name="test_bid_amount_missing" time="0.012" /><testcase classname="tests.test_app.TestSubmitBid" name="test_bid_amount_negative" time="0.005" /><testcase classname="tests.test_app.TestSubmitBid" name="test_bid_amount_non_numeric" time="0.005" /><testcase classname="tests.test_app.TestSubmitBid" name="test_bid_amount_positive_float" time="0.008" /><testcase classname="tests.test_app.TestSubmitBid" name="test_bid_amount_very_large" time="0.006" /><testcase classname="tests.test_app.TestSubmitBid" name="test_bid_amount_zero" time="0.005" /><testcase classname="tests.test_app.TestSubmitBid" name="test_contractor_id_missing" time="0.005" /><testcase classname="tests.test_app.TestSubmitBid" name="test_contractor_id_non_numeric" time="0.005" /><testcase classname="tests.test_app.TestSubmitBid" name="test_contractor_id_not_found" time="0.006" /><testcase classname="tests.test_app.TestSubmitBid" name="test_contractor_id_valid_exists" time="0.007" /><testcase classname="tests.test_app.TestSubmitBid" name="test_explanation_empty" time="0.006" /><testcase classname="tests.test_app.TestSubmitBid" name="test_explanation_non_empty" time="0.008" /><testcase classname="tests.test_app.TestSubmitBid" name="test_job_id_missing" time="0.006" /><testcase classname="tests.test_app.TestSubmitBid" name="test_job_id_non_numeric" time="0.006" /><testcase classname="tests.test_app.TestSubmitBid" name="test_job_id_valid_exists" time="0.007" /><testcase classname="tests.test_app.TestSubmitBid" name="test_job_id_valid_not_found" time="0.004" /><testcase classname="tests.test_app.TestSubmitBid" name="test_timeline_missing" time="0.005" /><testcase classname="tests.test_app.TestSubmitBid" name="test_timeline_non_empty" time="0.008" /><testcase classname="tests.test_app.TestUpdateBidStatus" name="test_action_accept" time="0.011" /><testcase classname="tests.test_app.TestUpdateBidStatus" name="test_action_clarification" time="0.006" /><testcase classname="tests.test_app.TestUpdateBidStatus" name="test_action_invalid_string" time="0.007" /><testcase classname="tests.test_app.TestUpdateBidStatus" name="test_action_missing" time="0.005" /><testcase classname="tests.test_app.TestUpdateBidStatus" name="test_action_reject" time="0.006" /><testcase classname="tests.test_app.TestUpdateBidStatus" name="test_bid_not_found" time="0.005" /><testcase classname="tests.test_app.TestUpdateBidStatus" name="test_bid_valid" time="0.006" /><testcase classname="tests.test_app.TestUpdateBidStatus" name="test_job_not_found" time="0.006" /><testcase classname="tests.test_app.TestUpdateBidStatus" name="test_job_valid" time="0.010" /><testcase classname="tests.test_app.TestSubmitClarification" name="test_bid_not_found" time="0.016" /><testcase classname="tests.test_app.TestSubmitClarification" name="test_bid_valid" time="0.013" /><testcase classname="tests.test_app.TestSubmitClarification" name="test_correct_contractor" time="0.008" /><testcase classname="tests.test_app.TestSubmitClarification" name="test_job_not_found" time="0.007" /><testcase classname="tests.test_app.TestSubmitClarification" name="test_job_valid" time="0.008" /><testcase classname="tests.test_app.TestSubmitClarification" name="test_response_empty" time="0.006" /><testcase classname="tests.test_app.TestSubmitClarification" name="test_response_valid" time="0.007" /><testcase classname="tests.test_app.TestSubmitClarification" name="test_response_whitespace_only" time="0.005" /><testcase classname="tests.test_app.TestSubmitClarification" name="test_wrong_contractor" time="0.006" /><testcase classname="tests.test_app.TestViewJobBids" name="test_job_not_found" time="0.005" /><testcase classname="tests.test_app.TestViewJobBids" name="test_job_valid" time="0.004" /><testcase classname="tests.test_app.TestViewJobBids" name="test_max_price_null" time="0.004" /><testcase classname="tests.test_app.TestViewJobBids" name="test_max_price_valid_positive" time="0.005" /><testcase classname="tests.test_app.TestViewJobBids" name="test_max_price_zero" time="0.004" /><testcase classname="tests.test_app.TestViewJobBids" name="test_min_price_negative" time="0.005" /><testcase classname="tests.test_app.TestViewJobBids" name="test_min_price_null" time="0.004" /><testcase classname="tests.test_app.TestViewJobBids" name="test_min_price_valid_positive" time="0.004" /><testcase classname="tests.test_app.TestViewJobBids" name="test_min_price_zero" time="0.004" /><testcase classname="tests.test_app.TestViewJobBids" name="test_min_rating_null" time="0.004" /><testcase classname="tests.test_app.TestViewJobBids" name="test_min_rating_valid_positive" time="0.005" /><testcase classname="tests.test_app.TestViewJobBids" name="test_min_rating_zero" time="0.004" /><testcase classname="tests.test_app.TestViewJobBids" name="test_timeline_filter_matching" time="0.004" /><testcase classname="tests.test_app.TestViewJobBids" name="test_timeline_filter_non_matching" time="0.003" /><testcase classname="tests.test_app.TestViewJobBids" name="test_timeline_filter_null" time="0.004" /><testcase classname="tests.test_app.TestCompleteJob" name="test_bid_not_accepted" time="0.005" /><testcase classname="tests.test_app.TestCompleteJob" name="test_contractor_both_complete" time="0.007" /><testcase classname="tests.test_app.TestCompleteJob" name="test_contractor_first_to_complete" time="0.010" /><testcase classname="tests.test_app.TestCompleteJob" name="test_contractor_wrong_job" time="0.006" /><testcase classname="tests.test_app.TestCompleteJob" name="test_homeowner_both_complete" time="0.008" /><testcase classname="tests.test_app.TestCompleteJob" name="test_homeowner_first_to_complete" time="0.007" /><testcase classname="tests.test_app.TestCompleteJob" name="test_job_or_bid_not_found" time="0.006" /><testcase classname="tests.test_app.TestCompleteJob" name="test_no_role_in_session" time="0.005" /><testcase classname="tests.test_app.TestQuickChat" name="test_bid_not_accepted" time="0.005" /><testcase classname="tests.test_app.TestQuickChat" name="test_bid_not_found" time="0.006" /><testcase classname="tests.test_app.TestQuickChat" name="test_job_not_found" time="0.005" /><testcase classname="tests.test_app.TestQuickChat" name="test_message_empty" time="0.009" /><testcase classname="tests.test_app.TestQuickChat" name="test_message_valid_contractor" time="0.005" /><testcase classname="tests.test_app.TestQuickChat" name="test_message_valid_homeowner" time="0.005" /><testcase classname="tests.test_app.TestQuickChat" name="test_message_whitespace_only" time="0.006" /><testcase classname="tests.test_app.TestReviewAccess" name="test_review_added_to_database" time="0.008" /><testcase classname="tests.test_app.TestReviewAccess" name="test_review_form_not_available_before_complete" time="0.005" /><testcase classname="tests.test_app.TestRatingSubmission" name="test_invalid_submission_high" time="0.013" /><testcase classname="tests.test_app.TestRatingSubmission" name="test_invalid_submission_low" time="0.007" /><testcase classname="tests.test_app.TestRatingSubmission" name="test_missing_rating_homeowner" time="0.007" /><testcase classname="tests.test_app.TestRatingSubmission" name="test_multiple_selection_high_low" time="0.009" /><testcase classname="tests.test_app.TestRatingSubmission" name="test_multiple_selection_low_high" time="0.010" /><testcase classname="tests.test_app.TestRatingSubmission" name="test_valid_submission_singular" time="0.015" /><testcase classname="tests.test_app.TestRatingGroups" name="test_contractor_overall_rating_missing" time="0.010" /><testcase classname="tests.test_app.TestRatingGroups" name="test_contractor_overall_rating_valid" time="0.010" /><testcase classname="tests.test_app.TestRatingGroups" name="test_homeowner_communication_rating" time="0.048" /><testcase classname="tests.test_app.TestRatingGroups" name="test_homeowner_punctuality_rating" time="0.022" /><testcase classname="tests.test_app.TestRatingGroups" name="test_homeowner_quality_rating" time="0.008" /><testcase classname="tests.test_app.TestEditingReview" name="test_edit_after_60_seconds" time="0.006" /><testcase classname="tests.test_app.TestEditingReview" name="test_edit_button_does_not_appear_before_posted" time="0.004" /><testcase classname="tests.test_app.TestEditingReview" name="test_edit_button_missing_after_edit_made" time="0.005" /><testcase classname="tests.test_app.TestEditingReview" name="test_edit_submitted_comment_changed" time="0.007" /><testcase classname="tests.test_app.TestEditingReview" name="test_edit_submitted_star_rating_changed" time="0.007" /><testcase classname="tests.test_app.TestEditingReview" name="test_edit_submitted_without_changes" time="0.006" /><testcase classname="tests.test_app.TestEditingReview" name="test_edit_within_60_seconds" time="0.008" /><testcase classname="tests.test_app.TestPostingReview" name="test_error_to_lacking_input" time="0.003" /><testcase classname="tests.test_app.TestPostingReview" name="test_image_upload_invalid_format" time="0.009" /><testcase classname="tests.test_app.TestPostingReview" name="test_image_upload_valid_format" time="0.007" /><testcase classname="tests.test_app.TestPostingReview" name="test_invalid_submission_comment_over_500" time="0.006" /><testcase classname="tests.test_app.TestPostingReview" name="test_valid_submission_missing_comment" time="0.007" /></testsuite></testsuites>