<?xml version="1.0" encoding="utf-8"?><testsuites name="pytest tests"><testsuite name="pytest" errors="0" failures="9" skipped="0" tests="132" time="1.195" timestamp="2026-05-15T17:47:01.738918+01:00" hostname="Essams-MacBook-Air.local"><testcase classname="tests.test_app.TestPostJob" name="test_all_valid_fields" time="0.033" /><testcase classname="tests.test_app.TestPostJob" name="test_budget_currency" time="0.011" /><testcase classname="tests.test_app.TestPostJob" name="test_budget_large" time="0.005" /><testcase classname="tests.test_app.TestPostJob" name="test_budget_missing" time="0.005" /><testcase classname="tests.test_app.TestPostJob" name="test_budget_negative" time="0.005" /><testcase classname="tests.test_app.TestPostJob" name="test_budget_non_numeric" time="0.005" /><testcase classname="tests.test_app.TestPostJob" name="test_budget_valid_float" time="0.005" /><testcase classname="tests.test_app.TestPostJob" name="test_budget_valid_integer" time="0.005" /><testcase classname="tests.test_app.TestPostJob" name="test_budget_zero" time="0.005" /><testcase classname="tests.test_app.TestPostJob" name="test_category_case_mismatch" time="0.005" /><testcase classname="tests.test_app.TestPostJob" name="test_category_invalid" time="0.004" /><testcase classname="tests.test_app.TestPostJob" name="test_category_missing" time="0.004" /><testcase classname="tests.test_app.TestPostJob" name="test_category_spaces" time="0.004" /><testcase classname="tests.test_app.TestPostJob" name="test_category_valid" time="0.005" /><testcase classname="tests.test_app.TestPostJob" name="test_contractor_role_blocked" time="0.006" /><testcase classname="tests.test_app.TestPostJob" name="test_description_empty" time="0.005" /><testcase classname="tests.test_app.TestPostJob" name="test_description_missing" time="0.005" /><testcase classname="tests.test_app.TestPostJob" name="test_description_multiline" time="0.005" /><testcase classname="tests.test_app.TestPostJob" name="test_description_valid" time="0.005" /><testcase classname="tests.test_app.TestPostJob" name="test_description_very_long" time="0.005" /><testcase classname="tests.test_app.TestPostJob" name="test_description_whitespace" time="0.005" /><testcase classname="tests.test_app.TestPostJob" name="test_homeowner_role_allowed" time="0.004" /><testcase classname="tests.test_app.TestPostJob" name="test_location_missing" time="0.005" /><testcase classname="tests.test_app.TestPostJob" name="test_location_valid" time="0.006" /><testcase classname="tests.test_app.TestPostJob" name="test_location_very_long" time="0.004" /><testcase classname="tests.test_app.TestPostJob" name="test_location_whitespace" time="0.006" /><testcase classname="tests.test_app.TestPostJob" name="test_negotiable_false" time="0.016" /><testcase classname="tests.test_app.TestPostJob" name="test_negotiable_invalid" time="0.009" /><testcase classname="tests.test_app.TestPostJob" name="test_negotiable_true" time="0.008" /><testcase classname="tests.test_app.TestPostJob" name="test_no_role_in_session" time="0.006" /><testcase classname="tests.test_app.TestPostJob" name="test_one_required_field_missing" time="0.008" /><testcase classname="tests.test_app.TestPostJob" name="test_title_empty" time="0.006" /><testcase classname="tests.test_app.TestPostJob" name="test_title_missing" time="0.005" /><testcase classname="tests.test_app.TestPostJob" name="test_title_special_characters" time="0.005" /><testcase classname="tests.test_app.TestPostJob" name="test_title_valid_short" time="0.005" /><testcase classname="tests.test_app.TestPostJob" name="test_title_very_long" time="0.005" /><testcase classname="tests.test_app.TestPostJob" name="test_title_whitespace" time="0.005" /><testcase classname="tests.test_app.TestPostJob" name="test_urgency_case_mismatch" time="0.005" /><testcase classname="tests.test_app.TestPostJob" name="test_urgency_invalid" time="0.007" /><testcase classname="tests.test_app.TestPostJob" name="test_urgency_missing" time="0.005" /><testcase classname="tests.test_app.TestPostJob" name="test_urgency_valid" time="0.005" /><testcase classname="tests.test_app.TestSubmitBid" name="test_bid_amount_missing" time="0.013" /><testcase classname="tests.test_app.TestSubmitBid" name="test_bid_amount_negative" time="0.005" /><testcase classname="tests.test_app.TestSubmitBid" name="test_bid_amount_non_numeric" time="0.005" /><testcase classname="tests.test_app.TestSubmitBid" name="test_bid_amount_positive_float" time="0.006" /><testcase classname="tests.test_app.TestSubmitBid" name="test_bid_amount_very_large" time="0.006" /><testcase classname="tests.test_app.TestSubmitBid" name="test_bid_amount_zero" time="0.004" /><testcase classname="tests.test_app.TestSubmitBid" name="test_contractor_id_missing" time="0.004" /><testcase classname="tests.test_app.TestSubmitBid" name="test_contractor_id_non_numeric" time="0.005" /><testcase classname="tests.test_app.TestSubmitBid" name="test_contractor_id_not_found" time="0.005" /><testcase classname="tests.test_app.TestSubmitBid" name="test_contractor_id_valid_exists" time="0.005" /><testcase classname="tests.test_app.TestSubmitBid" name="test_explanation_empty" time="0.005" /><testcase classname="tests.test_app.TestSubmitBid" name="test_explanation_non_empty" time="0.006" /><testcase classname="tests.test_app.TestSubmitBid" name="test_job_id_missing" time="0.004" /><testcase classname="tests.test_app.TestSubmitBid" name="test_job_id_non_numeric" time="0.004" /><testcase classname="tests.test_app.TestSubmitBid" name="test_job_id_valid_exists" time="0.005" /><testcase classname="tests.test_app.TestSubmitBid" name="test_job_id_valid_not_found" time="0.004" /><testcase classname="tests.test_app.TestSubmitBid" name="test_timeline_missing" time="0.004" /><testcase classname="tests.test_app.TestSubmitBid" name="test_timeline_non_empty" time="0.006" /><testcase classname="tests.test_app.TestUpdateBidStatus" name="test_action_accept" time="0.010" /><testcase classname="tests.test_app.TestUpdateBidStatus" name="test_action_clarification" time="0.005" /><testcase classname="tests.test_app.TestUpdateBidStatus" name="test_action_invalid_string" time="0.004" /><testcase classname="tests.test_app.TestUpdateBidStatus" name="test_action_missing" time="0.004" /><testcase classname="tests.test_app.TestUpdateBidStatus" name="test_action_reject" time="0.005" /><testcase classname="tests.test_app.TestUpdateBidStatus" name="test_bid_not_found" time="0.004" /><testcase classname="tests.test_app.TestUpdateBidStatus" name="test_bid_valid" time="0.005" /><testcase classname="tests.test_app.TestUpdateBidStatus" name="test_job_not_found" time="0.004" /><testcase classname="tests.test_app.TestUpdateBidStatus" name="test_job_valid" time="0.006" /><testcase classname="tests.test_app.TestSubmitClarification" name="test_bid_not_found" time="0.014" /><testcase classname="tests.test_app.TestSubmitClarification" name="test_bid_valid" time="0.006" /><testcase classname="tests.test_app.TestSubmitClarification" name="test_correct_contractor" time="0.006" /><testcase classname="tests.test_app.TestSubmitClarification" name="test_job_not_found" time="0.005" /><testcase classname="tests.test_app.TestSubmitClarification" name="test_job_valid" time="0.006" /><testcase classname="tests.test_app.TestSubmitClarification" name="test_response_empty" time="0.005" /><testcase classname="tests.test_app.TestSubmitClarification" name="test_response_valid" time="0.007" /><testcase classname="tests.test_app.TestSubmitClarification" name="test_response_whitespace_only" time="0.006" /><testcase classname="tests.test_app.TestSubmitClarification" name="test_wrong_contractor" time="0.005" /><testcase classname="tests.test_app.TestViewJobBids" name="test_job_not_found" time="0.005" /><testcase classname="tests.test_app.TestViewJobBids" name="test_job_valid" time="0.004" /><testcase classname="tests.test_app.TestViewJobBids" name="test_max_price_null" time="0.004" /><testcase classname="tests.test_app.TestViewJobBids" name="test_max_price_valid_positive" time="0.004" /><testcase classname="tests.test_app.TestViewJobBids" name="test_max_price_zero" time="0.004" /><testcase classname="tests.test_app.TestViewJobBids" name="test_min_price_negative" time="0.004" /><testcase classname="tests.test_app.TestViewJobBids" name="test_min_price_null" time="0.005" /><testcase classname="tests.test_app.TestViewJobBids" name="test_min_price_valid_positive" time="0.004" /><testcase classname="tests.test_app.TestViewJobBids" name="test_min_price_zero" time="0.003" /><testcase classname="tests.test_app.TestViewJobBids" name="test_min_rating_null" time="0.003" /><testcase classname="tests.test_app.TestViewJobBids" name="test_min_rating_valid_positive" time="0.003" /><testcase classname="tests.test_app.TestViewJobBids" name="test_min_rating_zero" time="0.004" /><testcase classname="tests.test_app.TestViewJobBids" name="test_timeline_filter_matching" time="0.004" /><testcase classname="tests.test_app.TestViewJobBids" name="test_timeline_filter_non_matching" time="0.004" /><testcase classname="tests.test_app.TestViewJobBids" name="test_timeline_filter_null" time="0.003" /><testcase classname="tests.test_app.TestCompleteJob" name="test_bid_not_accepted" time="0.005" /><testcase classname="tests.test_app.TestCompleteJob" name="test_contractor_both_complete" time="0.007" /><testcase classname="tests.test_app.TestCompleteJob" name="test_contractor_first_to_complete" time="0.008" /><testcase classname="tests.test_app.TestCompleteJob" name="test_contractor_wrong_job" time="0.005" /><testcase classname="tests.test_app.TestCompleteJob" name="test_homeowner_both_complete" time="0.006" /><testcase classname="tests.test_app.TestCompleteJob" name="test_homeowner_first_to_complete" time="0.006" /><testcase classname="tests.test_app.TestCompleteJob" name="test_job_or_bid_not_found" time="0.005" /><testcase classname="tests.test_app.TestCompleteJob" name="test_no_role_in_session" time="0.004" /><testcase classname="tests.test_app.TestQuickChat" name="test_bid_not_accepted" time="0.005" /><testcase classname="tests.test_app.TestQuickChat" name="test_bid_not_found" time="0.005" /><testcase classname="tests.test_app.TestQuickChat" name="test_job_not_found" time="0.004" /><testcase classname="tests.test_app.TestQuickChat" name="test_message_empty" time="0.007" /><testcase classname="tests.test_app.TestQuickChat" name="test_message_valid_contractor" time="0.005" /><testcase classname="tests.test_app.TestQuickChat" name="test_message_valid_homeowner" time="0.005" /><testcase classname="tests.test_app.TestQuickChat" name="test_message_whitespace_only" time="0.005" /><testcase classname="tests.test_app.TestReviewAccess" name="test_review_added_to_database" time="0.007" /><testcase classname="tests.test_app.TestReviewAccess" name="test_review_form_not_available_before_complete" time="0.005"><failure message="AssertionError: b' Cannot review a job until both the homeowner and contractor have marked it as completed.' not found in b'&lt;!DOCTYPE html&gt;\n&lt;html&gt;\n&lt;head&gt;\n    &lt;!-- Required meta tags --&gt;\n    &lt;meta charset=&quot;utf-8&quot;&gt;\n    &lt;meta name=&quot;viewport&quot; content=&quot;width=device-width, initial-scale=1, shrink-to-fit=no&quot;&gt;\n\n    &lt;!-- Bootstrap CSS --&gt;\n    &lt;link rel=&quot;stylesheet&quot; href=&quot;https://stackpath.bootstrapcdn.com/bootstrap/4.3.1/css/bootstrap.min.css&quot;&gt;\n    &lt;link rel=&quot;stylesheet&quot; href=&quot;https://cdn.jsdelivr.net/npm/bootstrap-icons@1.10.0/font/bootstrap-icons.css&quot;&gt;\n    &lt;link rel=&quot;stylesheet&quot; href=&quot;/static/css/styles.css&quot;&gt;\n\n    &lt;style&gt;\n        /* Expanded: shared blue, black, and white theme. */\n        :root {\n            --fixify-blue: #0d6efd;\n            --fixify-blue-dark: #073b7a;\n            --fixify-black: #05070d;\n            --fixify-panel: #0d1322;\n            --fixify-white: #ffffff;\n            --fixify-muted: #b8c4d9;\n        }\n\n        body {\n            background:\n                radial-gradient(circle at top left, rgba(13, 110, 253, 0.35), transparent 34rem),\n                linear-gradient(135deg, #05070d 0%, #081a33 55%, #000000 100%);\n            color: var(--fixify-white);\n            min-height: 100vh;\n        }\n\n        a { color: #dbeafe; }\n        a:hover { color: var(--fixify-white); text-decoration: none; }\n\n        .navbar {\n            border-bottom: 1px solid rgba(255,255,255,0.08);\n            background: rgba(0,0,0,0.86) !important;\n            backdrop-filter: blur(12px);\n        }\n\n        .navbar-brand {\n            color: var(--fixify-white) !important;\n            font-weight: 800;\n            letter-spacing: 0.04em;\n        }\n\n        .nav-link { color: #c7d2fe !important; }\n        .nav-link:hover { color: var(--fixify-white) !important; }\n\n        .hero-card,\n        .fixify-card,\n        .role-panel,\n        .stat-card,\n        .empty-state {\n            background: rgba(13, 19, 34, 0.86);\n            border: 1px solid rgba(255,255,255,0.12);\n            box-shadow: 0 24px 60px rgba(0,0,0,0.28);\n            border-radius: 24px;\n        }\n\n        .hero-card { padding: 3rem; }\n        .role-panel { padding: 1rem; }\n        .fixify-card, .stat-card, .empty-state { padding: 1.5rem; }\n\n        .role-card {\n            background: linear-gradient(135deg, rgba(13, 110, 253, 0.28), rgba(255,255,255,0.05));\n            border: 1px solid rgba(255,255,255,0.14);\n            border-radius: 18px;\n            color: var(--fixify-white);\n            padding: 1.25rem;\n            transition: transform 0.2s ease, border-color 0.2s ease;\n        }\n\n        .role-card:hover {\n            border-color: rgba(13, 110, 253, 0.95);\n            transform: translateY(-3px);\n        }\n\n        .role-card h3 { font-weight: 800; }\n        .role-card p { color: var(--fixify-muted); margin-bottom: 0; }\n        .role-arrow { color: var(--fixify-blue); font-size: 2rem; }\n\n        .eyebrow {\n            color: #7db7ff;\n            font-size: 0.8rem;\n            font-weight: 800;\n            letter-spacing: 0.16em;\n            text-transform: uppercase;\n        }\n\n        .btn-fixify {\n            background: var(--fixify-blue);\n            border: 1px solid var(--fixify-blue);\n            color: var(--fixify-white);\n            font-weight: 700;\n            border-radius: 999px;\n            padding: 0.75rem 1.35rem;\n        }\n\n        .btn-fixify:hover {\n            background: #075bd8;\n            color: var(--fixify-white);\n        }\n\n        .dashboard-header {\n            display: flex;\n            align-items: center;\n            justify-content: space-between;\n            gap: 1rem;\n            flex-wrap: wrap;\n        }\n\n        .stat-card span {\n            color: var(--fixify-muted);\n            display: block;\n            font-size: 0.9rem;\n        }\n\n        .stat-card strong {\n            color: var(--fixify-white);\n            display: block;\n            font-size: 2rem;\n            margin-top: 0.3rem;\n        }\n\n        .job-meta {\n            display: flex;\n            flex-wrap: wrap;\n            gap: 0.5rem;\n        }\n\n        .job-meta span {\n            background: rgba(13, 110, 253, 0.18);\n            border: 1px solid rgba(13, 110, 253, 0.32);\n            border-radius: 999px;\n            color: #dbeafe;\n            font-size: 0.85rem;\n            padding: 0.35rem 0.7rem;\n        }\n\n        .bid-count {\n            align-items: center;\n            background: var(--fixify-blue);\n            border-radius: 999px;\n            color: var(--fixify-white);\n            display: inline-flex;\n            font-weight: 800;\n            height: 2.4rem;\n            justify-content: center;\n            min-width: 2.4rem;\n        }\n\n        .empty-state {\n            color: var(--fixify-white);\n            text-align: center;\n        }\n\n        .empty-state p { color: var(--fixify-muted); }\n\n        /* Added: shared job photo styling. */\n        .job-photo {\n            border: 1px solid rgba(255,255,255,0.14);\n            border-radius: 18px;\n            height: 210px;\n            object-fit: cover;\n            width: 100%;\n        }\n\n        .portfolio-grid {\n            display: grid;\n            gap: 1rem;\n            grid-template-columns: repeat(auto-fit, minmax(160px, 1fr));\n        }\n\n        .portfolio-item {\n            align-items: center;\n            background: rgba(13, 110, 253, 0.14);\n            border: 1px dashed rgba(125, 183, 255, 0.55);\n            border-radius: 16px;\n            color: var(--fixify-white);\n            display: flex;\n            min-height: 120px;\n            justify-content: center;\n            padding: 1rem;\n            text-align: center;\n        }\n    &lt;/style&gt;\n\n    \n        &lt;title&gt;WebFlask&lt;/title&gt;\n    \n&lt;/head&gt;\n\n&lt;body&gt;\n\n&lt;nav class=&quot;navbar navbar-expand-lg navbar-dark&quot; style=&quot;background-color: black&quot;&gt;\n    &lt;a class=&quot;navbar-brand&quot; href=&quot;/&quot;&gt;Fixify&lt;/a&gt;\n\n    &lt;button class=&quot;navbar-toggler&quot; type=&quot;button&quot; data-toggle=&quot;collapse&quot; data-target=&quot;#navbarColor02&quot;&gt;\n        &lt;span class=&quot;navbar-toggler-icon&quot;&gt;&lt;/span&gt;\n    &lt;/button&gt;\n\n    &lt;div class=&quot;collapse navbar-collapse&quot;&gt;\n\n        &lt;ul class=&quot;navbar-nav mr-auto&quot;&gt;\n            &lt;li class=&quot;nav-item&quot;&gt;\n                &lt;a class=&quot;nav-link&quot; href=&quot;/&quot;&gt;Home&lt;/a&gt;\n            &lt;/li&gt;\n\n            &lt;!-- Expanded: navbar links depend on the selected role. --&gt;\n            \n            &lt;li class=&quot;nav-item&quot;&gt;\n                &lt;a class=&quot;nav-link&quot; href=&quot;/homeowner-dashboard&quot;&gt;My Jobs&lt;/a&gt;\n            &lt;/li&gt;\n            &lt;li class=&quot;nav-item&quot;&gt;\n                &lt;a class=&quot;nav-link&quot; href=&quot;/post&quot;&gt;Post Job&lt;/a&gt;\n            &lt;/li&gt;\n            &lt;li class=&quot;nav-item&quot;&gt;\n                &lt;a class=&quot;nav-link&quot; href=&quot;/profile&quot;&gt;My Profile&lt;/a&gt;\n            &lt;/li&gt;\n            \n        &lt;/ul&gt;\n\n        &lt;div class=&quot;topnav-right&quot;&gt;\n            \n                &lt;a class=&quot;nav-link&quot; href=&quot;/logout&quot;&gt;Logout&lt;/a&gt;\n            \n        &lt;/div&gt;\n\n    &lt;/div&gt;\n&lt;/nav&gt;\n\n&lt;main role=&quot;main&quot; class=&quot;container&quot;&gt;\n\n    \n        \n            &lt;div class=&quot;mt-4&quot;&gt;\n                \n                    &lt;div class=&quot;alert alert-warning alert-dismissible fade show&quot; role=&quot;alert&quot;&gt;\n                        Cannot review until homeowner and contractor both mark the job as completed.\n                        &lt;button type=&quot;button&quot; class=&quot;close&quot; data-dismiss=&quot;alert&quot; aria-label=&quot;Close&quot;&gt;\n                            &lt;span aria-hidden=&quot;true&quot;&gt;&amp;times;&lt;/span&gt;\n                        &lt;/button&gt;\n                    &lt;/div&gt;\n                \n            &lt;/div&gt;\n        \n    \n\n    \n&lt;!-- Added: homeowner dashboard for posted jobs. --&gt;\n&lt;div class=&quot;dashboard-header mt-5 mb-4&quot;&gt;\n    &lt;div&gt;\n        &lt;span class=&quot;eyebrow&quot;&gt;Homeowner dashboard&lt;/span&gt;\n        &lt;h1 class=&quot;text-white font-weight-bold mt-2&quot;&gt;Your posted jobs&lt;/h1&gt;\n        &lt;p class=&quot;text-light mb-0&quot;&gt;Track your jobs and review every contractor bid from one place.&lt;/p&gt;\n    &lt;/div&gt;\n    &lt;div class=&quot;d-flex flex-wrap mt-3 mt-md-0&quot; style=&quot;gap: 0.5rem;&quot;&gt;\n        &lt;a href=&quot;/profile&quot; class=&quot;btn btn-outline-light&quot;&gt;My Profile&lt;/a&gt;\n        &lt;a href=&quot;/post&quot; class=&quot;btn btn-fixify&quot;&gt;Post a Job&lt;/a&gt;\n    &lt;/div&gt;\n&lt;/div&gt;\n\n\n  \n    \n      &lt;div class=&quot;alert alert-warning alert-dismissible fade show&quot; role=&quot;alert&quot;&gt;\n        Cannot review until homeowner and contractor both mark the job as completed.\n        &lt;button type=&quot;button&quot; class=&quot;close&quot; data-dismiss=&quot;alert&quot; aria-label=&quot;Close&quot;&gt;\n          &lt;span aria-hidden=&quot;true&quot;&gt;&amp;times;&lt;/span&gt;\n        &lt;/button&gt;\n      &lt;/div&gt;\n    \n  \n\n\n\n\n&lt;div class=&quot;row mb-4&quot;&gt;\n    &lt;!-- Added: homeowner summary cards. --&gt;\n    &lt;div class=&quot;col-md-4 mb-3&quot;&gt;\n        &lt;div class=&quot;stat-card&quot;&gt;\n            &lt;span&gt;Jobs posted&lt;/span&gt;\n            &lt;strong&gt;1&lt;/strong&gt;\n        &lt;/div&gt;\n    &lt;/div&gt;\n    &lt;div class=&quot;col-md-4 mb-3&quot;&gt;\n        &lt;div class=&quot;stat-card&quot;&gt;\n            &lt;span&gt;Total bids received&lt;/span&gt;\n            &lt;strong&gt;1&lt;/strong&gt;\n        &lt;/div&gt;\n    &lt;/div&gt;\n    &lt;div class=&quot;col-md-4 mb-3&quot;&gt;\n        &lt;div class=&quot;stat-card&quot;&gt;\n            &lt;span&gt;Next action&lt;/span&gt;\n            &lt;strong&gt;Review bids&lt;/strong&gt;\n        &lt;/div&gt;\n    &lt;/div&gt;\n&lt;/div&gt;\n\n&lt;div class=&quot;row&quot;&gt;\n    \n    \n    &lt;div class=&quot;col-lg-6 mb-4&quot;&gt;\n        &lt;div class=&quot;fixify-card h-100&quot;&gt;\n            &lt;!-- Added: posted job details include optional photo. --&gt;\n            \n\n            &lt;div class=&quot;d-flex justify-content-between align-items-start&quot;&gt;\n                &lt;div&gt;\n                    &lt;h4 class=&quot;font-weight-bold text-white&quot;&gt;Fix Boiler&lt;/h4&gt;\n                    &lt;p class=&quot;text-light&quot;&gt;Boiler needs fixing&lt;/p&gt;\n                &lt;/div&gt;\n                &lt;span class=&quot;bid-count&quot;&gt;1&lt;/span&gt;\n            &lt;/div&gt;\n\n            &lt;div class=&quot;job-meta mb-3&quot;&gt;\n                &lt;span&gt;Plumbing&lt;/span&gt;\n                &lt;span&gt;High&lt;/span&gt;\n                &lt;span&gt;Portsmouth&lt;/span&gt;\n                &lt;span&gt;Budget: \xc2\xa3200&lt;/span&gt;\n            &lt;/div&gt;\n\n            \n\n            \n            &lt;!-- Added: accepted bid completion status. --&gt;\n            &lt;div class=&quot;alert alert-primary py-2&quot;&gt;\n                &lt;small&gt;\n                    &lt;strong&gt;Accepted:&lt;/strong&gt; John Smith\n                    | &lt;strong&gt;Job not completed&lt;/strong&gt;\n                    | Homeowner: Waiting\n                    | Contractor: Waiting\n                &lt;/small&gt;\n            &lt;/div&gt;\n            \n\n            &lt;div class=&quot;d-flex flex-wrap gap-2&quot; style=&quot;gap: 0.5rem;&quot;&gt;\n                &lt;!-- Added: homeowner job actions for view, edit, and delete. --&gt;\n                &lt;a href=&quot;/job/1&quot; class=&quot;btn btn-outline-light&quot;&gt;\n                    View Bids (1)\n                &lt;/a&gt;\n                &lt;a href=&quot;/job/1/edit&quot; class=&quot;btn btn-outline-info&quot;&gt;Edit&lt;/a&gt;\n                &lt;form action=&quot;/job/1/delete&quot; method=&quot;POST&quot; class=&quot;d-inline&quot;&gt;\n                    &lt;button type=&quot;submit&quot; class=&quot;btn btn-outline-danger&quot;&gt;Delete&lt;/button&gt;\n                &lt;/form&gt;\n            &lt;/div&gt;\n\n            \n            &lt;div class=&quot;mt-3&quot;&gt;\n                &lt;!-- Added: completion and review actions. --&gt;\n                \n                &lt;form action=&quot;/complete-job/1/1&quot; method=&quot;POST&quot; class=&quot;d-inline&quot;&gt;\n                    &lt;button type=&quot;submit&quot; class=&quot;btn btn-fixify btn-sm&quot;&gt;Mark Completed as Homeowner&lt;/button&gt;\n                &lt;/form&gt;\n                \n\n                \n            &lt;/div&gt;\n            \n        &lt;/div&gt;\n    &lt;/div&gt;\n    \n&lt;/div&gt;\n\n\n&lt;/main&gt;\n\n&lt;!-- Optional JavaScript --&gt;\n&lt;script src=&quot;https://code.jquery.com/jquery-3.3.1.slim.min.js&quot;&gt;&lt;/script&gt;\n&lt;script src=&quot;https://cdnjs.cloudflare.com/ajax/libs/popper.js/1.14.7/umd/popper.min.js&quot;&gt;&lt;/script&gt;\n&lt;script src=&quot;https://stackpath.bootstrapcdn.com/bootstrap/4.3.1/js/bootstrap.min.js&quot;&gt;&lt;/script&gt;\n\n&lt;/body&gt;\n&lt;/html&gt;' : &#10;  ❌ FAILED: Expected flash ' Cannot review a job until both the homeowner and contractor have marked it as completed.' not found in response.">self = &lt;test_app.TestReviewAccess testMethod=test_review_form_not_available_before_complete&gt;

    def test_review_form_not_available_before_complete(self):
        print("\n➔ Testing: Review form not available before a is job marked as complete")
        self._set_session("homeowner")
        rv = self.client.get("/review/1/1", follow_redirects=True)
&gt;       self.assertFlash(rv, " Cannot review a job until both the homeowner and contractor have marked it as completed.")

tests/test_app.py:1273: 
_ _ _ _ _ _ _ _ _ _ _ _ _ _ _ _ _ _ _ _ _ _ _ _ _ _ _ _ _ _ _ _ _ _ _ _ _ _ _ _ 
tests/test_app.py:1258: in assertFlash
    self.assertIn(
E   AssertionError: b' Cannot review a job until both the homeowner and contractor have marked it as completed.' not found in b'&lt;!DOCTYPE html&gt;\n&lt;html&gt;\n&lt;head&gt;\n    &lt;!-- Required meta tags --&gt;\n    &lt;meta charset="utf-8"&gt;\n    &lt;meta name="viewport" content="width=device-width, initial-scale=1, shrink-to-fit=no"&gt;\n\n    &lt;!-- Bootstrap CSS --&gt;\n    &lt;link rel="stylesheet" href="https://stackpath.bootstrapcdn.com/bootstrap/4.3.1/css/bootstrap.min.css"&gt;\n    &lt;link rel="stylesheet" href="https://cdn.jsdelivr.net/npm/bootstrap-icons@1.10.0/font/bootstrap-icons.css"&gt;\n    &lt;link rel="stylesheet" href="/static/css/styles.css"&gt;\n\n    &lt;style&gt;\n        /* Expanded: shared blue, black, and white theme. */\n        :root {\n            --fixify-blue: #0d6efd;\n            --fixify-blue-dark: #073b7a;\n            --fixify-black: #05070d;\n            --fixify-panel: #0d1322;\n            --fixify-white: #ffffff;\n            --fixify-muted: #b8c4d9;\n        }\n\n        body {\n            background:\n                radial-gradient(circle at top left, rgba(13, 110, 253, 0.35), transparent 34rem),\n                linear-gradient(135deg, #05070d 0%, #081a33 55%, #000000 100%);\n            color: var(--fixify-white);\n            min-height: 100vh;\n        }\n\n        a { color: #dbeafe; }\n        a:hover { color: var(--fixify-white); text-decoration: none; }\n\n        .navbar {\n            border-bottom: 1px solid rgba(255,255,255,0.08);\n            background: rgba(0,0,0,0.86) !important;\n            backdrop-filter: blur(12px);\n        }\n\n        .navbar-brand {\n            color: var(--fixify-white) !important;\n            font-weight: 800;\n            letter-spacing: 0.04em;\n        }\n\n        .nav-link { color: #c7d2fe !important; }\n        .nav-link:hover { color: var(--fixify-white) !important; }\n\n        .hero-card,\n        .fixify-card,\n        .role-panel,\n        .stat-card,\n        .empty-state {\n            background: rgba(13, 19, 34, 0.86);\n            border: 1px solid rgba(255,255,255,0.12);\n            box-shadow: 0 24px 60px rgba(0,0,0,0.28);\n            border-radius: 24px;\n        }\n\n        .hero-card { padding: 3rem; }\n        .role-panel { padding: 1rem; }\n        .fixify-card, .stat-card, .empty-state { padding: 1.5rem; }\n\n        .role-card {\n            background: linear-gradient(135deg, rgba(13, 110, 253, 0.28), rgba(255,255,255,0.05));\n            border: 1px solid rgba(255,255,255,0.14);\n            border-radius: 18px;\n            color: var(--fixify-white);\n            padding: 1.25rem;\n            transition: transform 0.2s ease, border-color 0.2s ease;\n        }\n\n        .role-card:hover {\n            border-color: rgba(13, 110, 253, 0.95);\n            transform: translateY(-3px);\n        }\n\n        .role-card h3 { font-weight: 800; }\n        .role-card p { color: var(--fixify-muted); margin-bottom: 0; }\n        .role-arrow { color: var(--fixify-blue); font-size: 2rem; }\n\n        .eyebrow {\n            color: #7db7ff;\n            font-size: 0.8rem;\n            font-weight: 800;\n            letter-spacing: 0.16em;\n            text-transform: uppercase;\n        }\n\n        .btn-fixify {\n            background: var(--fixify-blue);\n            border: 1px solid var(--fixify-blue);\n            color: var(--fixify-white);\n            font-weight: 700;\n            border-radius: 999px;\n            padding: 0.75rem 1.35rem;\n        }\n\n        .btn-fixify:hover {\n            background: #075bd8;\n            color: var(--fixify-white);\n        }\n\n        .dashboard-header {\n            display: flex;\n            align-items: center;\n            justify-content: space-between;\n            gap: 1rem;\n            flex-wrap: wrap;\n        }\n\n        .stat-card span {\n            color: var(--fixify-muted);\n            display: block;\n            font-size: 0.9rem;\n        }\n\n        .stat-card strong {\n            color: var(--fixify-white);\n            display: block;\n            font-size: 2rem;\n            margin-top: 0.3rem;\n        }\n\n        .job-meta {\n            display: flex;\n            flex-wrap: wrap;\n            gap: 0.5rem;\n        }\n\n        .job-meta span {\n            background: rgba(13, 110, 253, 0.18);\n            border: 1px solid rgba(13, 110, 253, 0.32);\n            border-radius: 999px;\n            color: #dbeafe;\n            font-size: 0.85rem;\n            padding: 0.35rem 0.7rem;\n        }\n\n        .bid-count {\n            align-items: center;\n            background: var(--fixify-blue);\n            border-radius: 999px;\n            color: var(--fixify-white);\n            display: inline-flex;\n            font-weight: 800;\n            height: 2.4rem;\n            justify-content: center;\n            min-width: 2.4rem;\n        }\n\n        .empty-state {\n            color: var(--fixify-white);\n            text-align: center;\n        }\n\n        .empty-state p { color: var(--fixify-muted); }\n\n        /* Added: shared job photo styling. */\n        .job-photo {\n            border: 1px solid rgba(255,255,255,0.14);\n            border-radius: 18px;\n            height: 210px;\n            object-fit: cover;\n            width: 100%;\n        }\n\n        .portfolio-grid {\n            display: grid;\n            gap: 1rem;\n            grid-template-columns: repeat(auto-fit, minmax(160px, 1fr));\n        }\n\n        .portfolio-item {\n            align-items: center;\n            background: rgba(13, 110, 253, 0.14);\n            border: 1px dashed rgba(125, 183, 255, 0.55);\n            border-radius: 16px;\n            color: var(--fixify-white);\n            display: flex;\n            min-height: 120px;\n            justify-content: center;\n            padding: 1rem;\n            text-align: center;\n        }\n    &lt;/style&gt;\n\n    \n        &lt;title&gt;WebFlask&lt;/title&gt;\n    \n&lt;/head&gt;\n\n&lt;body&gt;\n\n&lt;nav class="navbar navbar-expand-lg navbar-dark" style="background-color: black"&gt;\n    &lt;a class="navbar-brand" href="/"&gt;Fixify&lt;/a&gt;\n\n    &lt;button class="navbar-toggler" type="button" data-toggle="collapse" data-target="#navbarColor02"&gt;\n        &lt;span class="navbar-toggler-icon"&gt;&lt;/span&gt;\n    &lt;/button&gt;\n\n    &lt;div class="collapse navbar-collapse"&gt;\n\n        &lt;ul class="navbar-nav mr-auto"&gt;\n            &lt;li class="nav-item"&gt;\n                &lt;a class="nav-link" href="/"&gt;Home&lt;/a&gt;\n            &lt;/li&gt;\n\n            &lt;!-- Expanded: navbar links depend on the selected role. --&gt;\n            \n            &lt;li class="nav-item"&gt;\n                &lt;a class="nav-link" href="/homeowner-dashboard"&gt;My Jobs&lt;/a&gt;\n            &lt;/li&gt;\n            &lt;li class="nav-item"&gt;\n                &lt;a class="nav-link" href="/post"&gt;Post Job&lt;/a&gt;\n            &lt;/li&gt;\n            &lt;li class="nav-item"&gt;\n                &lt;a class="nav-link" href="/profile"&gt;My Profile&lt;/a&gt;\n            &lt;/li&gt;\n            \n        &lt;/ul&gt;\n\n        &lt;div class="topnav-right"&gt;\n            \n                &lt;a class="nav-link" href="/logout"&gt;Logout&lt;/a&gt;\n            \n        &lt;/div&gt;\n\n    &lt;/div&gt;\n&lt;/nav&gt;\n\n&lt;main role="main" class="container"&gt;\n\n    \n        \n            &lt;div class="mt-4"&gt;\n                \n                    &lt;div class="alert alert-warning alert-dismissible fade show" role="alert"&gt;\n                        Cannot review until homeowner and contractor both mark the job as completed.\n                        &lt;button type="button" class="close" data-dismiss="alert" aria-label="Close"&gt;\n                            &lt;span aria-hidden="true"&gt;&amp;times;&lt;/span&gt;\n                        &lt;/button&gt;\n                    &lt;/div&gt;\n                \n            &lt;/div&gt;\n        \n    \n\n    \n&lt;!-- Added: homeowner dashboard for posted jobs. --&gt;\n&lt;div class="dashboard-header mt-5 mb-4"&gt;\n    &lt;div&gt;\n        &lt;span class="eyebrow"&gt;Homeowner dashboard&lt;/span&gt;\n        &lt;h1 class="text-white font-weight-bold mt-2"&gt;Your posted jobs&lt;/h1&gt;\n        &lt;p class="text-light mb-0"&gt;Track your jobs and review every contractor bid from one place.&lt;/p&gt;\n    &lt;/div&gt;\n    &lt;div class="d-flex flex-wrap mt-3 mt-md-0" style="gap: 0.5rem;"&gt;\n        &lt;a href="/profile" class="btn btn-outline-light"&gt;My Profile&lt;/a&gt;\n        &lt;a href="/post" class="btn btn-fixify"&gt;Post a Job&lt;/a&gt;\n    &lt;/div&gt;\n&lt;/div&gt;\n\n\n  \n    \n      &lt;div class="alert alert-warning alert-dismissible fade show" role="alert"&gt;\n        Cannot review until homeowner and contractor both mark the job as completed.\n        &lt;button type="button" class="close" data-dismiss="alert" aria-label="Close"&gt;\n          &lt;span aria-hidden="true"&gt;&amp;times;&lt;/span&gt;\n        &lt;/button&gt;\n      &lt;/div&gt;\n    \n  \n\n\n\n\n&lt;div class="row mb-4"&gt;\n    &lt;!-- Added: homeowner summary cards. --&gt;\n    &lt;div class="col-md-4 mb-3"&gt;\n        &lt;div class="stat-card"&gt;\n            &lt;span&gt;Jobs posted&lt;/span&gt;\n            &lt;strong&gt;1&lt;/strong&gt;\n        &lt;/div&gt;\n    &lt;/div&gt;\n    &lt;div class="col-md-4 mb-3"&gt;\n        &lt;div class="stat-card"&gt;\n            &lt;span&gt;Total bids received&lt;/span&gt;\n            &lt;strong&gt;1&lt;/strong&gt;\n        &lt;/div&gt;\n    &lt;/div&gt;\n    &lt;div class="col-md-4 mb-3"&gt;\n        &lt;div class="stat-card"&gt;\n            &lt;span&gt;Next action&lt;/span&gt;\n            &lt;strong&gt;Review bids&lt;/strong&gt;\n        &lt;/div&gt;\n    &lt;/div&gt;\n&lt;/div&gt;\n\n&lt;div class="row"&gt;\n    \n    \n    &lt;div class="col-lg-6 mb-4"&gt;\n        &lt;div class="fixify-card h-100"&gt;\n            &lt;!-- Added: posted job details include optional photo. --&gt;\n            \n\n            &lt;div class="d-flex justify-content-between align-items-start"&gt;\n                &lt;div&gt;\n                    &lt;h4 class="font-weight-bold text-white"&gt;Fix Boiler&lt;/h4&gt;\n                    &lt;p class="text-light"&gt;Boiler needs fixing&lt;/p&gt;\n                &lt;/div&gt;\n                &lt;span class="bid-count"&gt;1&lt;/span&gt;\n            &lt;/div&gt;\n\n            &lt;div class="job-meta mb-3"&gt;\n                &lt;span&gt;Plumbing&lt;/span&gt;\n                &lt;span&gt;High&lt;/span&gt;\n                &lt;span&gt;Portsmouth&lt;/span&gt;\n                &lt;span&gt;Budget: \xc2\xa3200&lt;/span&gt;\n            &lt;/div&gt;\n\n            \n\n            \n            &lt;!-- Added: accepted bid completion status. --&gt;\n            &lt;div class="alert alert-primary py-2"&gt;\n                &lt;small&gt;\n                    &lt;strong&gt;Accepted:&lt;/strong&gt; John Smith\n                    | &lt;strong&gt;Job not completed&lt;/strong&gt;\n                    | Homeowner: Waiting\n                    | Contractor: Waiting\n                &lt;/small&gt;\n            &lt;/div&gt;\n            \n\n            &lt;div class="d-flex flex-wrap gap-2" style="gap: 0.5rem;"&gt;\n                &lt;!-- Added: homeowner job actions for view, edit, and delete. --&gt;\n                &lt;a href="/job/1" class="btn btn-outline-light"&gt;\n                    View Bids (1)\n                &lt;/a&gt;\n                &lt;a href="/job/1/edit" class="btn btn-outline-info"&gt;Edit&lt;/a&gt;\n                &lt;form action="/job/1/delete" method="POST" class="d-inline"&gt;\n                    &lt;button type="submit" class="btn btn-outline-danger"&gt;Delete&lt;/button&gt;\n                &lt;/form&gt;\n            &lt;/div&gt;\n\n            \n            &lt;div class="mt-3"&gt;\n                &lt;!-- Added: completion and review actions. --&gt;\n                \n                &lt;form action="/complete-job/1/1" method="POST" class="d-inline"&gt;\n                    &lt;button type="submit" class="btn btn-fixify btn-sm"&gt;Mark Completed as Homeowner&lt;/button&gt;\n                &lt;/form&gt;\n                \n\n                \n            &lt;/div&gt;\n            \n        &lt;/div&gt;\n    &lt;/div&gt;\n    \n&lt;/div&gt;\n\n\n&lt;/main&gt;\n\n&lt;!-- Optional JavaScript --&gt;\n&lt;script src="https://code.jquery.com/jquery-3.3.1.slim.min.js"&gt;&lt;/script&gt;\n&lt;script src="https://cdnjs.cloudflare.com/ajax/libs/popper.js/1.14.7/umd/popper.min.js"&gt;&lt;/script&gt;\n&lt;script src="https://stackpath.bootstrapcdn.com/bootstrap/4.3.1/js/bootstrap.min.js"&gt;&lt;/script&gt;\n\n&lt;/body&gt;\n&lt;/html&gt;' : 
E     ❌ FAILED: Expected flash ' Cannot review a job until both the homeowner and contractor have marked it as completed.' not found in response.</failure></testcase><testcase classname="tests.test_app.TestRatingSubmission" name="test_invalid_submission_high" time="0.012"><failure message="AssertionError: b'A rating cannot be over 5 stars' not found in b'&lt;!DOCTYPE html&gt;\n&lt;html&gt;\n&lt;head&gt;\n    &lt;!-- Required meta tags --&gt;\n    &lt;meta charset=&quot;utf-8&quot;&gt;\n    &lt;meta name=&quot;viewport&quot; content=&quot;width=device-width, initial-scale=1, shrink-to-fit=no&quot;&gt;\n\n    &lt;!-- Bootstrap CSS --&gt;\n    &lt;link rel=&quot;stylesheet&quot; href=&quot;https://stackpath.bootstrapcdn.com/bootstrap/4.3.1/css/bootstrap.min.css&quot;&gt;\n    &lt;link rel=&quot;stylesheet&quot; href=&quot;https://cdn.jsdelivr.net/npm/bootstrap-icons@1.10.0/font/bootstrap-icons.css&quot;&gt;\n    &lt;link rel=&quot;stylesheet&quot; href=&quot;/static/css/styles.css&quot;&gt;\n\n    &lt;style&gt;\n        /* Expanded: shared blue, black, and white theme. */\n        :root {\n            --fixify-blue: #0d6efd;\n            --fixify-blue-dark: #073b7a;\n            --fixify-black: #05070d;\n            --fixify-panel: #0d1322;\n            --fixify-white: #ffffff;\n            --fixify-muted: #b8c4d9;\n        }\n\n        body {\n            background:\n                radial-gradient(circle at top left, rgba(13, 110, 253, 0.35), transparent 34rem),\n                linear-gradient(135deg, #05070d 0%, #081a33 55%, #000000 100%);\n            color: var(--fixify-white);\n            min-height: 100vh;\n        }\n\n        a { color: #dbeafe; }\n        a:hover { color: var(--fixify-white); text-decoration: none; }\n\n        .navbar {\n            border-bottom: 1px solid rgba(255,255,255,0.08);\n            background: rgba(0,0,0,0.86) !important;\n            backdrop-filter: blur(12px);\n        }\n\n        .navbar-brand {\n            color: var(--fixify-white) !important;\n            font-weight: 800;\n            letter-spacing: 0.04em;\n        }\n\n        .nav-link { color: #c7d2fe !important; }\n        .nav-link:hover { color: var(--fixify-white) !important; }\n\n        .hero-card,\n        .fixify-card,\n        .role-panel,\n        .stat-card,\n        .empty-state {\n            background: rgba(13, 19, 34, 0.86);\n            border: 1px solid rgba(255,255,255,0.12);\n            box-shadow: 0 24px 60px rgba(0,0,0,0.28);\n            border-radius: 24px;\n        }\n\n        .hero-card { padding: 3rem; }\n        .role-panel { padding: 1rem; }\n        .fixify-card, .stat-card, .empty-state { padding: 1.5rem; }\n\n        .role-card {\n            background: linear-gradient(135deg, rgba(13, 110, 253, 0.28), rgba(255,255,255,0.05));\n            border: 1px solid rgba(255,255,255,0.14);\n            border-radius: 18px;\n            color: var(--fixify-white);\n            padding: 1.25rem;\n            transition: transform 0.2s ease, border-color 0.2s ease;\n        }\n\n        .role-card:hover {\n            border-color: rgba(13, 110, 253, 0.95);\n            transform: translateY(-3px);\n        }\n\n        .role-card h3 { font-weight: 800; }\n        .role-card p { color: var(--fixify-muted); margin-bottom: 0; }\n        .role-arrow { color: var(--fixify-blue); font-size: 2rem; }\n\n        .eyebrow {\n            color: #7db7ff;\n            font-size: 0.8rem;\n            font-weight: 800;\n            letter-spacing: 0.16em;\n            text-transform: uppercase;\n        }\n\n        .btn-fixify {\n            background: var(--fixify-blue);\n            border: 1px solid var(--fixify-blue);\n            color: var(--fixify-white);\n            font-weight: 700;\n            border-radius: 999px;\n            padding: 0.75rem 1.35rem;\n        }\n\n        .btn-fixify:hover {\n            background: #075bd8;\n            color: var(--fixify-white);\n        }\n\n        .dashboard-header {\n            display: flex;\n            align-items: center;\n            justify-content: space-between;\n            gap: 1rem;\n            flex-wrap: wrap;\n        }\n\n        .stat-card span {\n            color: var(--fixify-muted);\n            display: block;\n            font-size: 0.9rem;\n        }\n\n        .stat-card strong {\n            color: var(--fixify-white);\n            display: block;\n            font-size: 2rem;\n            margin-top: 0.3rem;\n        }\n\n        .job-meta {\n            display: flex;\n            flex-wrap: wrap;\n            gap: 0.5rem;\n        }\n\n        .job-meta span {\n            background: rgba(13, 110, 253, 0.18);\n            border: 1px solid rgba(13, 110, 253, 0.32);\n            border-radius: 999px;\n            color: #dbeafe;\n            font-size: 0.85rem;\n            padding: 0.35rem 0.7rem;\n        }\n\n        .bid-count {\n            align-items: center;\n            background: var(--fixify-blue);\n            border-radius: 999px;\n            color: var(--fixify-white);\n            display: inline-flex;\n            font-weight: 800;\n            height: 2.4rem;\n            justify-content: center;\n            min-width: 2.4rem;\n        }\n\n        .empty-state {\n            color: var(--fixify-white);\n            text-align: center;\n        }\n\n        .empty-state p { color: var(--fixify-muted); }\n\n        /* Added: shared job photo styling. */\n        .job-photo {\n            border: 1px solid rgba(255,255,255,0.14);\n            border-radius: 18px;\n            height: 210px;\n            object-fit: cover;\n            width: 100%;\n        }\n\n        .portfolio-grid {\n            display: grid;\n            gap: 1rem;\n            grid-template-columns: repeat(auto-fit, minmax(160px, 1fr));\n        }\n\n        .portfolio-item {\n            align-items: center;\n            background: rgba(13, 110, 253, 0.14);\n            border: 1px dashed rgba(125, 183, 255, 0.55);\n            border-radius: 16px;\n            color: var(--fixify-white);\n            display: flex;\n            min-height: 120px;\n            justify-content: center;\n            padding: 1rem;\n            text-align: center;\n        }\n    &lt;/style&gt;\n\n    \n        &lt;title&gt;WebFlask&lt;/title&gt;\n    \n&lt;/head&gt;\n\n&lt;body&gt;\n\n&lt;nav class=&quot;navbar navbar-expand-lg navbar-dark&quot; style=&quot;background-color: black&quot;&gt;\n    &lt;a class=&quot;navbar-brand&quot; href=&quot;/&quot;&gt;Fixify&lt;/a&gt;\n\n    &lt;button class=&quot;navbar-toggler&quot; type=&quot;button&quot; data-toggle=&quot;collapse&quot; data-target=&quot;#navbarColor02&quot;&gt;\n        &lt;span class=&quot;navbar-toggler-icon&quot;&gt;&lt;/span&gt;\n    &lt;/button&gt;\n\n    &lt;div class=&quot;collapse navbar-collapse&quot;&gt;\n\n        &lt;ul class=&quot;navbar-nav mr-auto&quot;&gt;\n            &lt;li class=&quot;nav-item&quot;&gt;\n                &lt;a class=&quot;nav-link&quot; href=&quot;/&quot;&gt;Home&lt;/a&gt;\n            &lt;/li&gt;\n\n            &lt;!-- Expanded: navbar links depend on the selected role. --&gt;\n            \n            &lt;li class=&quot;nav-item&quot;&gt;\n                &lt;a class=&quot;nav-link&quot; href=&quot;/homeowner-dashboard&quot;&gt;My Jobs&lt;/a&gt;\n            &lt;/li&gt;\n            &lt;li class=&quot;nav-item&quot;&gt;\n                &lt;a class=&quot;nav-link&quot; href=&quot;/post&quot;&gt;Post Job&lt;/a&gt;\n            &lt;/li&gt;\n            &lt;li class=&quot;nav-item&quot;&gt;\n                &lt;a class=&quot;nav-link&quot; href=&quot;/profile&quot;&gt;My Profile&lt;/a&gt;\n            &lt;/li&gt;\n            \n        &lt;/ul&gt;\n\n        &lt;div class=&quot;topnav-right&quot;&gt;\n            \n                &lt;a class=&quot;nav-link&quot; href=&quot;/logout&quot;&gt;Logout&lt;/a&gt;\n            \n        &lt;/div&gt;\n\n    &lt;/div&gt;\n&lt;/nav&gt;\n\n&lt;main role=&quot;main&quot; class=&quot;container&quot;&gt;\n\n    \n        \n            &lt;div class=&quot;mt-4&quot;&gt;\n                \n                    &lt;div class=&quot;alert alert-danger alert-dismissible fade show&quot; role=&quot;alert&quot;&gt;\n                        Rating cannot be above 5 stars\n                        &lt;button type=&quot;button&quot; class=&quot;close&quot; data-dismiss=&quot;alert&quot; aria-label=&quot;Close&quot;&gt;\n                            &lt;span aria-hidden=&quot;true&quot;&gt;&amp;times;&lt;/span&gt;\n                        &lt;/button&gt;\n                    &lt;/div&gt;\n                \n            &lt;/div&gt;\n        \n    \n\n    \n&lt;!DOCTYPE html&gt;\n&lt;html lang=&quot;en&quot;&gt;\n&lt;head&gt;\n    &lt;meta charset=&quot;UTF-8&quot;&gt;\n    &lt;meta name=&quot;viewport&quot; content=&quot;width=device-width, initial-scale=1.0&quot;&gt;\n    &lt;title&gt;Leave a Review | Fixify&lt;/title&gt;\n    &lt;link href=&quot;https://cdn.jsdelivr.net/npm/bootstrap@5.3.0/dist/css/bootstrap.min.css&quot; rel=&quot;stylesheet&quot;&gt;\n    &lt;link href=&quot;https://cdn.jsdelivr.net/npm/bootstrap-icons@1.10.0/font/bootstrap-icons.css&quot; rel=&quot;stylesheet&quot;&gt;\n    &lt;style&gt;\n        :root {\n            --fixify-blue: #1a56a3;\n            --fixify-dark: #0d4a8c;\n            --fixify-light: #e6f0fa;\n        }\n        body {\n            background-color: #f8fbff;\n            font-family: -apple-system, BlinkMacSystemFont, \'Segoe UI\', Roboto, sans-serif;\n        }\n        .logo-container {\n            text-align: center;\n            margin-bottom: 2rem;\n        }\n        .logo-img {\n            width: 110px;\n            height: auto;\n            filter: drop-shadow(0 4px 6px rgba(0,0,0,0.1));\n        }\n        .brand-title {\n            color: var(--fixify-dark);\n            font-weight: 700;\n            letter-spacing: -0.5px;\n        }\n        .review-form {\n            background: white;\n            border-radius: 12px;\n            box-shadow: 0 6px 20px rgba(26, 86, 163, 0.08);\n            padding: 2rem;\n        }\n        .rating-group {\n            margin-bottom: 1.5rem;\n        }\n        .rating-item {\n            display: flex;\n            align-items: center;\n            gap: 1rem;\n            margin-bottom: 0.5rem;\n        }\n        .star-rating {\n            color: #ffc107;\n            font-size: 1.2rem;\n        }\n        .stars {\n            display: flex;\n        }\n        .btn-success {\n            background-color: var(--fixify-blue);\n            border-color: var(--fixify-dark);\n            font-weight: 600;\n            padding: 0.75rem 1.5rem;\n        }\n        .btn-success:hover {\n            background-color: var(--fixify-dark);\n        }\n        .btn-link {\n            color: var(--fixify-blue);\n            font-weight: 600;\n        }\n        .form-label {\n            font-weight: 600;\n            color: #2c3e50;\n        }\n        .private-note {\n            background-color: #f8f9fa;\n            border-left: 4px solid #0d6efd;\n            padding: 1rem;\n            margin: 1rem 0;\n        }\n        .edit-warning {\n            background-color: #fff3cd;\n            border: 1px solid #ffeaa7;\n            border-radius: 8px;\n            padding: 1rem;\n            margin-bottom: 1.5rem;\n        }\n        .photo-preview {\n            border-radius: 8px;\n            width: 100%;\n            height: 200px;\n            object-fit: cover;\n            margin-bottom: 1rem;\n            border: 1px solid #e0e7f0;\n        }\n        .no-photo {\n            background: #f0f4f8;\n            border-radius: 8px;\n            width: 100%;\n            height: 200px;\n            display: flex;\n            align-items: center;\n            justify-content: center;\n            border: 1px dashed #cbd9ed;\n            color: #6c757d;\n        }\n        .photo-help {\n            font-size: 0.85rem;\n            color: #6c757d;\n            margin-top: 0.5rem;\n        }\n        .character-count {\n            font-size: 0.85rem;\n            color: #6c757d;\n            text-align: right;\n        }\n    &lt;/style&gt;\n&lt;/head&gt;\n&lt;body&gt;\n    &lt;div class=&quot;container py-5&quot;&gt;\n        &lt;!-- Logo &amp; Title --&gt;\n        &lt;div class=&quot;logo-container&quot;&gt;\n            &lt;img src=&quot;/static/images/Fixify.png&quot; \n                 alt=&quot;Fixify Logo&quot; \n                 class=&quot;logo-img&quot;&gt;\n            &lt;h1 class=&quot;brand-title mt-3&quot;&gt;Leave a Review&lt;/h1&gt;\n            &lt;p class=&quot;text-muted&quot;&gt;Share your experience with Fix Boiler&lt;/p&gt;\n        &lt;/div&gt;\n\n        &lt;!-- Edit Warning (only shown when editing) --&gt;\n        \n\n        &lt;!-- Expanded: existing review form is reused after a completed accepted job. --&gt;\n        &lt;div class=&quot;row justify-content-center&quot;&gt;\n            &lt;div class=&quot;col-lg-6 col-md-8&quot;&gt;\n                &lt;div class=&quot;review-form&quot;&gt;\n                    &lt;form method=&quot;POST&quot; enctype=&quot;multipart/form-data&quot;&gt;\n                        &lt;!-- Kept: homeowner public review ratings. --&gt;\n                        \n                            &lt;div class=&quot;rating-group&quot;&gt;\n                                &lt;h5 class=&quot;mb-3 d-flex align-items-center&quot;&gt;\n                                    &lt;i class=&quot;bi bi-star me-2&quot; style=&quot;color: #ffc107;&quot;&gt;&lt;/i&gt;\n                                    Rate Your Experience\n                                &lt;/h5&gt;\n                                \n                                &lt;div class=&quot;rating-item&quot;&gt;\n                                    &lt;label&gt;Quality of Work:&lt;/label&gt;\n                                    &lt;div class=&quot;stars star-rating&quot;&gt;\n                                        \n                                            &lt;input type=&quot;radio&quot; name=&quot;quality_rating&quot; value=&quot;1&quot; \n                                                   required \n                                                   &gt;\n                                            &lt;i class=&quot;bi bi-star&quot;&gt;&lt;/i&gt;\n                                        \n                                            &lt;input type=&quot;radio&quot; name=&quot;quality_rating&quot; value=&quot;2&quot; \n                                                   required \n                                                   &gt;\n                                            &lt;i class=&quot;bi bi-star&quot;&gt;&lt;/i&gt;\n                                        \n                                            &lt;input type=&quot;radio&quot; name=&quot;quality_rating&quot; value=&quot;3&quot; \n                                                   required \n                                                   &gt;\n                                            &lt;i class=&quot;bi bi-star&quot;&gt;&lt;/i&gt;\n                                        \n                                            &lt;input type=&quot;radio&quot; name=&quot;quality_rating&quot; value=&quot;4&quot; \n                                                   required \n                                                   &gt;\n                                            &lt;i class=&quot;bi bi-star&quot;&gt;&lt;/i&gt;\n                                        \n                                            &lt;input type=&quot;radio&quot; name=&quot;quality_rating&quot; value=&quot;5&quot; \n                                                   required \n                                                   &gt;\n                                            &lt;i class=&quot;bi bi-star&quot;&gt;&lt;/i&gt;\n                                        \n                                    &lt;/div&gt;\n                                &lt;/div&gt;\n                                \n                                &lt;div class=&quot;rating-item&quot;&gt;\n                                    &lt;label&gt;Punctuality:&lt;/label&gt;\n                                    &lt;div class=&quot;stars star-rating&quot;&gt;\n                                        \n                                            &lt;input type=&quot;radio&quot; name=&quot;punctuality_rating&quot; value=&quot;1&quot; \n                                                   required \n                                                   &gt;\n                                            &lt;i class=&quot;bi bi-star&quot;&gt;&lt;/i&gt;\n                                        \n                                            &lt;input type=&quot;radio&quot; name=&quot;punctuality_rating&quot; value=&quot;2&quot; \n                                                   required \n                                                   &gt;\n                                            &lt;i class=&quot;bi bi-star&quot;&gt;&lt;/i&gt;\n                                        \n                                            &lt;input type=&quot;radio&quot; name=&quot;punctuality_rating&quot; value=&quot;3&quot; \n                                                   required \n                                                   &gt;\n                                            &lt;i class=&quot;bi bi-star&quot;&gt;&lt;/i&gt;\n                                        \n                                            &lt;input type=&quot;radio&quot; name=&quot;punctuality_rating&quot; value=&quot;4&quot; \n                                                   required \n                                                   &gt;\n                                            &lt;i class=&quot;bi bi-star&quot;&gt;&lt;/i&gt;\n                                        \n                                            &lt;input type=&quot;radio&quot; name=&quot;punctuality_rating&quot; value=&quot;5&quot; \n                                                   required \n                                                   &gt;\n                                            &lt;i class=&quot;bi bi-star&quot;&gt;&lt;/i&gt;\n                                        \n                                    &lt;/div&gt;\n                                &lt;/div&gt;\n                                \n                                &lt;div class=&quot;rating-item&quot;&gt;\n                                    &lt;label&gt;Communication:&lt;/label&gt;\n                                    &lt;div class=&quot;stars star-rating&quot;&gt;\n                                        \n                                            &lt;input type=&quot;radio&quot; name=&quot;communication_rating&quot; value=&quot;1&quot; \n                                                   required \n                                                   &gt;\n                                            &lt;i class=&quot;bi bi-star&quot;&gt;&lt;/i&gt;\n                                        \n                                            &lt;input type=&quot;radio&quot; name=&quot;communication_rating&quot; value=&quot;2&quot; \n                                                   required \n                                                   &gt;\n                                            &lt;i class=&quot;bi bi-star&quot;&gt;&lt;/i&gt;\n                                        \n                                            &lt;input type=&quot;radio&quot; name=&quot;communication_rating&quot; value=&quot;3&quot; \n                                                   required \n                                                   &gt;\n                                            &lt;i class=&quot;bi bi-star&quot;&gt;&lt;/i&gt;\n                                        \n                                            &lt;input type=&quot;radio&quot; name=&quot;communication_rating&quot; value=&quot;4&quot; \n                                                   required \n                                                   &gt;\n                                            &lt;i class=&quot;bi bi-star&quot;&gt;&lt;/i&gt;\n                                        \n                                            &lt;input type=&quot;radio&quot; name=&quot;communication_rating&quot; value=&quot;5&quot; \n                                                   required \n                                                   &gt;\n                                            &lt;i class=&quot;bi bi-star&quot;&gt;&lt;/i&gt;\n                                        \n                                    &lt;/div&gt;\n                                &lt;/div&gt;\n                            &lt;/div&gt;\n                        \n                        \n                        &lt;div class=&quot;mb-4&quot;&gt;\n                            &lt;label class=&quot;form-label&quot;&gt;Your Comments (Optional)&lt;/label&gt;\n                            &lt;textarea name=&quot;comment&quot; class=&quot;form-control&quot; rows=&quot;4&quot; \n                                      placeholder=&quot;Share details about your experience...&quot;&gt;&lt;/textarea&gt;\n                            &lt;div class=&quot;character-count&quot;&gt;Max 500 characters&lt;/div&gt;\n                        &lt;/div&gt;\n                        \n                        &lt;!-- Current Photo (when editing) --&gt;\n                        \n                        \n                        &lt;div class=&quot;mb-4&quot;&gt;\n                            &lt;label class=&quot;form-label&quot;&gt;Add a Photo (Optional)&lt;/label&gt;\n                            &lt;div class=&quot;mb-2&quot;&gt;\n                                &lt;div class=&quot;no-photo&quot; id=&quot;photo-preview&quot;&gt;\n                                    \n                                        &lt;i class=&quot;bi bi-camera me-2&quot;&gt;&lt;/i&gt;\n                                        No photo selected\n                                    \n                                &lt;/div&gt;\n                            &lt;/div&gt;\n                            &lt;input type=&quot;file&quot; name=&quot;photo&quot; class=&quot;form-control&quot; accept=&quot;image/*&quot; \n                                   onchange=&quot;previewPhoto(this)&quot;&gt;\n                            &lt;div class=&quot;photo-help&quot;&gt;\n                                &lt;i class=&quot;bi bi-info-circle me-1&quot;&gt;&lt;/i&gt; \n                                Upload a photo related to the service (max 16MB)\n                            &lt;/div&gt;\n                        &lt;/div&gt;\n\n                        &lt;div class=&quot;d-grid gap-3&quot;&gt;\n                            &lt;button type=&quot;submit&quot; class=&quot;btn btn-success btn-lg&quot;&gt;\n                                &lt;i class=&quot;bi bi-check-circle-fill me-2&quot;&gt;&lt;/i&gt;\n                                Submit Review\n                            &lt;/button&gt;\n                            &lt;!-- Expanded: cancel returns to the bidding workflow when opened from a completed job. --&gt;\n                            \n                            &lt;a href=&quot;/job/1&quot; class=&quot;btn btn-link text-center&quot;&gt;\n                            \n                                \xe2\x86\x90 Cancel\n                            &lt;/a&gt;\n                        &lt;/div&gt;\n                    &lt;/form&gt;\n                &lt;/div&gt;\n            &lt;/div&gt;\n        &lt;/div&gt;\n        \n        &lt;script&gt;\n            function previewPhoto(input) {\n                if (input.files &amp;&amp; input.files[0]) {\n                    var reader = new FileReader();\n                    \n                    reader.onload = function(e) {\n                        var preview = document.getElementById(\'photo-preview\');\n                        preview.innerHTML = \'&lt;img src=&quot;\' + e.target.result + \'&quot; class=&quot;photo-preview&quot; alt=&quot;Preview&quot;&gt;\';\n                    }\n                    \n                    reader.readAsDataURL(input.files[0]);\n                }\n            }\n        &lt;/script&gt;\n    &lt;/div&gt;\n&lt;/body&gt;\n&lt;/html&gt;\n\n\n&lt;/main&gt;\n\n&lt;!-- Optional JavaScript --&gt;\n&lt;script src=&quot;https://code.jquery.com/jquery-3.3.1.slim.min.js&quot;&gt;&lt;/script&gt;\n&lt;script src=&quot;https://cdnjs.cloudflare.com/ajax/libs/popper.js/1.14.7/umd/popper.min.js&quot;&gt;&lt;/script&gt;\n&lt;script src=&quot;https://stackpath.bootstrapcdn.com/bootstrap/4.3.1/js/bootstrap.min.js&quot;&gt;&lt;/script&gt;\n\n&lt;/body&gt;\n&lt;/html&gt;' : &#10;  ❌ FAILED: Expected flash 'A rating cannot be over 5 stars' not found in response.">self = &lt;test_app.TestRatingSubmission testMethod=test_invalid_submission_high&gt;

    def test_invalid_submission_high(self):
        print("\n➔ Testing: Invalid Submission &gt;5 Stars")
        self._set_session("homeowner")
        rv = self.client.post("/review/1/1", data={
            "quality_rating": "6", "punctuality_rating": "4", "communication_rating": "4", "comment": "High"
        }, follow_redirects=True)
&gt;       self.assertFlash(rv, "A rating cannot be over 5 stars")

tests/test_app.py:1324: 
_ _ _ _ _ _ _ _ _ _ _ _ _ _ _ _ _ _ _ _ _ _ _ _ _ _ _ _ _ _ _ _ _ _ _ _ _ _ _ _ 
tests/test_app.py:1258: in assertFlash
    self.assertIn(
E   AssertionError: b'A rating cannot be over 5 stars' not found in b'&lt;!DOCTYPE html&gt;\n&lt;html&gt;\n&lt;head&gt;\n    &lt;!-- Required meta tags --&gt;\n    &lt;meta charset="utf-8"&gt;\n    &lt;meta name="viewport" content="width=device-width, initial-scale=1, shrink-to-fit=no"&gt;\n\n    &lt;!-- Bootstrap CSS --&gt;\n    &lt;link rel="stylesheet" href="https://stackpath.bootstrapcdn.com/bootstrap/4.3.1/css/bootstrap.min.css"&gt;\n    &lt;link rel="stylesheet" href="https://cdn.jsdelivr.net/npm/bootstrap-icons@1.10.0/font/bootstrap-icons.css"&gt;\n    &lt;link rel="stylesheet" href="/static/css/styles.css"&gt;\n\n    &lt;style&gt;\n        /* Expanded: shared blue, black, and white theme. */\n        :root {\n            --fixify-blue: #0d6efd;\n            --fixify-blue-dark: #073b7a;\n            --fixify-black: #05070d;\n            --fixify-panel: #0d1322;\n            --fixify-white: #ffffff;\n            --fixify-muted: #b8c4d9;\n        }\n\n        body {\n            background:\n                radial-gradient(circle at top left, rgba(13, 110, 253, 0.35), transparent 34rem),\n                linear-gradient(135deg, #05070d 0%, #081a33 55%, #000000 100%);\n            color: var(--fixify-white);\n            min-height: 100vh;\n        }\n\n        a { color: #dbeafe; }\n        a:hover { color: var(--fixify-white); text-decoration: none; }\n\n        .navbar {\n            border-bottom: 1px solid rgba(255,255,255,0.08);\n            background: rgba(0,0,0,0.86) !important;\n            backdrop-filter: blur(12px);\n        }\n\n        .navbar-brand {\n            color: var(--fixify-white) !important;\n            font-weight: 800;\n            letter-spacing: 0.04em;\n        }\n\n        .nav-link { color: #c7d2fe !important; }\n        .nav-link:hover { color: var(--fixify-white) !important; }\n\n        .hero-card,\n        .fixify-card,\n        .role-panel,\n        .stat-card,\n        .empty-state {\n            background: rgba(13, 19, 34, 0.86);\n            border: 1px solid rgba(255,255,255,0.12);\n            box-shadow: 0 24px 60px rgba(0,0,0,0.28);\n            border-radius: 24px;\n        }\n\n        .hero-card { padding: 3rem; }\n        .role-panel { padding: 1rem; }\n        .fixify-card, .stat-card, .empty-state { padding: 1.5rem; }\n\n        .role-card {\n            background: linear-gradient(135deg, rgba(13, 110, 253, 0.28), rgba(255,255,255,0.05));\n            border: 1px solid rgba(255,255,255,0.14);\n            border-radius: 18px;\n            color: var(--fixify-white);\n            padding: 1.25rem;\n            transition: transform 0.2s ease, border-color 0.2s ease;\n        }\n\n        .role-card:hover {\n            border-color: rgba(13, 110, 253, 0.95);\n            transform: translateY(-3px);\n        }\n\n        .role-card h3 { font-weight: 800; }\n        .role-card p { color: var(--fixify-muted); margin-bottom: 0; }\n        .role-arrow { color: var(--fixify-blue); font-size: 2rem; }\n\n        .eyebrow {\n            color: #7db7ff;\n            font-size: 0.8rem;\n            font-weight: 800;\n            letter-spacing: 0.16em;\n            text-transform: uppercase;\n        }\n\n        .btn-fixify {\n            background: var(--fixify-blue);\n            border: 1px solid var(--fixify-blue);\n            color: var(--fixify-white);\n            font-weight: 700;\n            border-radius: 999px;\n            padding: 0.75rem 1.35rem;\n        }\n\n        .btn-fixify:hover {\n            background: #075bd8;\n            color: var(--fixify-white);\n        }\n\n        .dashboard-header {\n            display: flex;\n            align-items: center;\n            justify-content: space-between;\n            gap: 1rem;\n            flex-wrap: wrap;\n        }\n\n        .stat-card span {\n            color: var(--fixify-muted);\n            display: block;\n            font-size: 0.9rem;\n        }\n\n        .stat-card strong {\n            color: var(--fixify-white);\n            display: block;\n            font-size: 2rem;\n            margin-top: 0.3rem;\n        }\n\n        .job-meta {\n            display: flex;\n            flex-wrap: wrap;\n            gap: 0.5rem;\n        }\n\n        .job-meta span {\n            background: rgba(13, 110, 253, 0.18);\n            border: 1px solid rgba(13, 110, 253, 0.32);\n            border-radius: 999px;\n            color: #dbeafe;\n            font-size: 0.85rem;\n            padding: 0.35rem 0.7rem;\n        }\n\n        .bid-count {\n            align-items: center;\n            background: var(--fixify-blue);\n            border-radius: 999px;\n            color: var(--fixify-white);\n            display: inline-flex;\n            font-weight: 800;\n            height: 2.4rem;\n            justify-content: center;\n            min-width: 2.4rem;\n        }\n\n        .empty-state {\n            color: var(--fixify-white);\n            text-align: center;\n        }\n\n        .empty-state p { color: var(--fixify-muted); }\n\n        /* Added: shared job photo styling. */\n        .job-photo {\n            border: 1px solid rgba(255,255,255,0.14);\n            border-radius: 18px;\n            height: 210px;\n            object-fit: cover;\n            width: 100%;\n        }\n\n        .portfolio-grid {\n            display: grid;\n            gap: 1rem;\n            grid-template-columns: repeat(auto-fit, minmax(160px, 1fr));\n        }\n\n        .portfolio-item {\n            align-items: center;\n            background: rgba(13, 110, 253, 0.14);\n            border: 1px dashed rgba(125, 183, 255, 0.55);\n            border-radius: 16px;\n            color: var(--fixify-white);\n            display: flex;\n            min-height: 120px;\n            justify-content: center;\n            padding: 1rem;\n            text-align: center;\n        }\n    &lt;/style&gt;\n\n    \n        &lt;title&gt;WebFlask&lt;/title&gt;\n    \n&lt;/head&gt;\n\n&lt;body&gt;\n\n&lt;nav class="navbar navbar-expand-lg navbar-dark" style="background-color: black"&gt;\n    &lt;a class="navbar-brand" href="/"&gt;Fixify&lt;/a&gt;\n\n    &lt;button class="navbar-toggler" type="button" data-toggle="collapse" data-target="#navbarColor02"&gt;\n        &lt;span class="navbar-toggler-icon"&gt;&lt;/span&gt;\n    &lt;/button&gt;\n\n    &lt;div class="collapse navbar-collapse"&gt;\n\n        &lt;ul class="navbar-nav mr-auto"&gt;\n            &lt;li class="nav-item"&gt;\n                &lt;a class="nav-link" href="/"&gt;Home&lt;/a&gt;\n            &lt;/li&gt;\n\n            &lt;!-- Expanded: navbar links depend on the selected role. --&gt;\n            \n            &lt;li class="nav-item"&gt;\n                &lt;a class="nav-link" href="/homeowner-dashboard"&gt;My Jobs&lt;/a&gt;\n            &lt;/li&gt;\n            &lt;li class="nav-item"&gt;\n                &lt;a class="nav-link" href="/post"&gt;Post Job&lt;/a&gt;\n            &lt;/li&gt;\n            &lt;li class="nav-item"&gt;\n                &lt;a class="nav-link" href="/profile"&gt;My Profile&lt;/a&gt;\n            &lt;/li&gt;\n            \n        &lt;/ul&gt;\n\n        &lt;div class="topnav-right"&gt;\n            \n                &lt;a class="nav-link" href="/logout"&gt;Logout&lt;/a&gt;\n            \n        &lt;/div&gt;\n\n    &lt;/div&gt;\n&lt;/nav&gt;\n\n&lt;main role="main" class="container"&gt;\n\n    \n        \n            &lt;div class="mt-4"&gt;\n                \n                    &lt;div class="alert alert-danger alert-dismissible fade show" role="alert"&gt;\n                        Rating cannot be above 5 stars\n                        &lt;button type="button" class="close" data-dismiss="alert" aria-label="Close"&gt;\n                            &lt;span aria-hidden="true"&gt;&amp;times;&lt;/span&gt;\n                        &lt;/button&gt;\n                    &lt;/div&gt;\n                \n            &lt;/div&gt;\n        \n    \n\n    \n&lt;!DOCTYPE html&gt;\n&lt;html lang="en"&gt;\n&lt;head&gt;\n    &lt;meta charset="UTF-8"&gt;\n    &lt;meta name="viewport" content="width=device-width, initial-scale=1.0"&gt;\n    &lt;title&gt;Leave a Review | Fixify&lt;/title&gt;\n    &lt;link href="https://cdn.jsdelivr.net/npm/bootstrap@5.3.0/dist/css/bootstrap.min.css" rel="stylesheet"&gt;\n    &lt;link href="https://cdn.jsdelivr.net/npm/bootstrap-icons@1.10.0/font/bootstrap-icons.css" rel="stylesheet"&gt;\n    &lt;style&gt;\n        :root {\n            --fixify-blue: #1a56a3;\n            --fixify-dark: #0d4a8c;\n            --fixify-light: #e6f0fa;\n        }\n        body {\n            background-color: #f8fbff;\n            font-family: -apple-system, BlinkMacSystemFont, \'Segoe UI\', Roboto, sans-serif;\n        }\n        .logo-container {\n            text-align: center;\n            margin-bottom: 2rem;\n        }\n        .logo-img {\n            width: 110px;\n            height: auto;\n            filter: drop-shadow(0 4px 6px rgba(0,0,0,0.1));\n        }\n        .brand-title {\n            color: var(--fixify-dark);\n            font-weight: 700;\n            letter-spacing: -0.5px;\n        }\n        .review-form {\n            background: white;\n            border-radius: 12px;\n            box-shadow: 0 6px 20px rgba(26, 86, 163, 0.08);\n            padding: 2rem;\n        }\n        .rating-group {\n            margin-bottom: 1.5rem;\n        }\n        .rating-item {\n            display: flex;\n            align-items: center;\n            gap: 1rem;\n            margin-bottom: 0.5rem;\n        }\n        .star-rating {\n            color: #ffc107;\n            font-size: 1.2rem;\n        }\n        .stars {\n            display: flex;\n        }\n        .btn-success {\n            background-color: var(--fixify-blue);\n            border-color: var(--fixify-dark);\n            font-weight: 600;\n            padding: 0.75rem 1.5rem;\n        }\n        .btn-success:hover {\n            background-color: var(--fixify-dark);\n        }\n        .btn-link {\n            color: var(--fixify-blue);\n            font-weight: 600;\n        }\n        .form-label {\n            font-weight: 600;\n            color: #2c3e50;\n        }\n        .private-note {\n            background-color: #f8f9fa;\n            border-left: 4px solid #0d6efd;\n            padding: 1rem;\n            margin: 1rem 0;\n        }\n        .edit-warning {\n            background-color: #fff3cd;\n            border: 1px solid #ffeaa7;\n            border-radius: 8px;\n            padding: 1rem;\n            margin-bottom: 1.5rem;\n        }\n        .photo-preview {\n            border-radius: 8px;\n            width: 100%;\n            height: 200px;\n            object-fit: cover;\n            margin-bottom: 1rem;\n            border: 1px solid #e0e7f0;\n        }\n        .no-photo {\n            background: #f0f4f8;\n            border-radius: 8px;\n            width: 100%;\n            height: 200px;\n            display: flex;\n            align-items: center;\n            justify-content: center;\n            border: 1px dashed #cbd9ed;\n            color: #6c757d;\n        }\n        .photo-help {\n            font-size: 0.85rem;\n            color: #6c757d;\n            margin-top: 0.5rem;\n        }\n        .character-count {\n            font-size: 0.85rem;\n            color: #6c757d;\n            text-align: right;\n        }\n    &lt;/style&gt;\n&lt;/head&gt;\n&lt;body&gt;\n    &lt;div class="container py-5"&gt;\n        &lt;!-- Logo &amp; Title --&gt;\n        &lt;div class="logo-container"&gt;\n            &lt;img src="/static/images/Fixify.png" \n                 alt="Fixify Logo" \n                 class="logo-img"&gt;\n            &lt;h1 class="brand-title mt-3"&gt;Leave a Review&lt;/h1&gt;\n            &lt;p class="text-muted"&gt;Share your experience with Fix Boiler&lt;/p&gt;\n        &lt;/div&gt;\n\n        &lt;!-- Edit Warning (only shown when editing) --&gt;\n        \n\n        &lt;!-- Expanded: existing review form is reused after a completed accepted job. --&gt;\n        &lt;div class="row justify-content-center"&gt;\n            &lt;div class="col-lg-6 col-md-8"&gt;\n                &lt;div class="review-form"&gt;\n                    &lt;form method="POST" enctype="multipart/form-data"&gt;\n                        &lt;!-- Kept: homeowner public review ratings. --&gt;\n                        \n                            &lt;div class="rating-group"&gt;\n                                &lt;h5 class="mb-3 d-flex align-items-center"&gt;\n                                    &lt;i class="bi bi-star me-2" style="color: #ffc107;"&gt;&lt;/i&gt;\n                                    Rate Your Experience\n                                &lt;/h5&gt;\n                                \n                                &lt;div class="rating-item"&gt;\n                                    &lt;label&gt;Quality of Work:&lt;/label&gt;\n                                    &lt;div class="stars star-rating"&gt;\n                                        \n                                            &lt;input type="radio" name="quality_rating" value="1" \n                                                   required \n                                                   &gt;\n                                            &lt;i class="bi bi-star"&gt;&lt;/i&gt;\n                                        \n                                            &lt;input type="radio" name="quality_rating" value="2" \n                                                   required \n                                                   &gt;\n                                            &lt;i class="bi bi-star"&gt;&lt;/i&gt;\n                                        \n                                            &lt;input type="radio" name="quality_rating" value="3" \n                                                   required \n                                                   &gt;\n                                            &lt;i class="bi bi-star"&gt;&lt;/i&gt;\n                                        \n                                            &lt;input type="radio" name="quality_rating" value="4" \n                                                   required \n                                                   &gt;\n                                            &lt;i class="bi bi-star"&gt;&lt;/i&gt;\n                                        \n                                            &lt;input type="radio" name="quality_rating" value="5" \n                                                   required \n                                                   &gt;\n                                            &lt;i class="bi bi-star"&gt;&lt;/i&gt;\n                                        \n                                    &lt;/div&gt;\n                                &lt;/div&gt;\n                                \n                                &lt;div class="rating-item"&gt;\n                                    &lt;label&gt;Punctuality:&lt;/label&gt;\n                                    &lt;div class="stars star-rating"&gt;\n                                        \n                                            &lt;input type="radio" name="punctuality_rating" value="1" \n                                                   required \n                                                   &gt;\n                                            &lt;i class="bi bi-star"&gt;&lt;/i&gt;\n                                        \n                                            &lt;input type="radio" name="punctuality_rating" value="2" \n                                                   required \n                                                   &gt;\n                                            &lt;i class="bi bi-star"&gt;&lt;/i&gt;\n                                        \n                                            &lt;input type
[...]
        border-radius: 999px;\n            padding: 0.75rem 1.35rem;\n        }\n\n        .btn-fixify:hover {\n            background: #075bd8;\n            color: var(--fixify-white);\n        }\n\n        .dashboard-header {\n            display: flex;\n            align-items: center;\n            justify-content: space-between;\n            gap: 1rem;\n            flex-wrap: wrap;\n        }\n\n        .stat-card span {\n            color: var(--fixify-muted);\n            display: block;\n            font-size: 0.9rem;\n        }\n\n        .stat-card strong {\n            color: var(--fixify-white);\n            display: block;\n            font-size: 2rem;\n            margin-top: 0.3rem;\n        }\n\n        .job-meta {\n            display: flex;\n            flex-wrap: wrap;\n            gap: 0.5rem;\n        }\n\n        .job-meta span {\n            background: rgba(13, 110, 253, 0.18);\n            border: 1px solid rgba(13, 110, 253, 0.32);\n            border-radius: 999px;\n            color: #dbeafe;\n            font-size: 0.85rem;\n            padding: 0.35rem 0.7rem;\n        }\n\n        .bid-count {\n            align-items: center;\n            background: var(--fixify-blue);\n            border-radius: 999px;\n            color: var(--fixify-white);\n            display: inline-flex;\n            font-weight: 800;\n            height: 2.4rem;\n            justify-content: center;\n            min-width: 2.4rem;\n        }\n\n        .empty-state {\n            color: var(--fixify-white);\n            text-align: center;\n        }\n\n        .empty-state p { color: var(--fixify-muted); }\n\n        /* Added: shared job photo styling. */\n        .job-photo {\n            border: 1px solid rgba(255,255,255,0.14);\n            border-radius: 18px;\n            height: 210px;\n            object-fit: cover;\n            width: 100%;\n        }\n\n        .portfolio-grid {\n            display: grid;\n            gap: 1rem;\n            grid-template-columns: repeat(auto-fit, minmax(160px, 1fr));\n        }\n\n        .portfolio-item {\n            align-items: center;\n            background: rgba(13, 110, 253, 0.14);\n            border: 1px dashed rgba(125, 183, 255, 0.55);\n            border-radius: 16px;\n            color: var(--fixify-white);\n            display: flex;\n            min-height: 120px;\n            justify-content: center;\n            padding: 1rem;\n            text-align: center;\n        }\n    &lt;/style&gt;\n\n    \n        &lt;title&gt;WebFlask&lt;/title&gt;\n    \n&lt;/head&gt;\n\n&lt;body&gt;\n\n&lt;nav class="navbar navbar-expand-lg navbar-dark" style="background-color: black"&gt;\n    &lt;a class="navbar-brand" href="/"&gt;Fixify&lt;/a&gt;\n\n    &lt;button class="navbar-toggler" type="button" data-toggle="collapse" data-target="#navbarColor02"&gt;\n        &lt;span class="navbar-toggler-icon"&gt;&lt;/span&gt;\n    &lt;/button&gt;\n\n    &lt;div class="collapse navbar-collapse"&gt;\n\n        &lt;ul class="navbar-nav mr-auto"&gt;\n            &lt;li class="nav-item"&gt;\n                &lt;a class="nav-link" href="/"&gt;Home&lt;/a&gt;\n            &lt;/li&gt;\n\n            &lt;!-- Expanded: navbar links depend on the selected role. --&gt;\n            \n            &lt;li class="nav-item"&gt;\n                &lt;a class="nav-link" href="/homeowner-dashboard"&gt;My Jobs&lt;/a&gt;\n            &lt;/li&gt;\n            &lt;li class="nav-item"&gt;\n                &lt;a class="nav-link" href="/post"&gt;Post Job&lt;/a&gt;\n            &lt;/li&gt;\n            &lt;li class="nav-item"&gt;\n                &lt;a class="nav-link" href="/profile"&gt;My Profile&lt;/a&gt;\n            &lt;/li&gt;\n            \n        &lt;/ul&gt;\n\n        &lt;div class="topnav-right"&gt;\n            \n                &lt;a class="nav-link" href="/logout"&gt;Logout&lt;/a&gt;\n            \n        &lt;/div&gt;\n\n    &lt;/div&gt;\n&lt;/nav&gt;\n\n&lt;main role="main" class="container"&gt;\n\n    \n        \n            &lt;div class="mt-4"&gt;\n                \n                    &lt;div class="alert alert-danger alert-dismissible fade show" role="alert"&gt;\n                        Error due to invalid format\n                        &lt;button type="button" class="close" data-dismiss="alert" aria-label="Close"&gt;\n                            &lt;span aria-hidden="true"&gt;&amp;times;&lt;/span&gt;\n                        &lt;/button&gt;\n                    &lt;/div&gt;\n                \n            &lt;/div&gt;\n        \n    \n\n    \n&lt;!DOCTYPE html&gt;\n&lt;html lang="en"&gt;\n&lt;head&gt;\n    &lt;meta charset="UTF-8"&gt;\n    &lt;meta name="viewport" content="width=device-width, initial-scale=1.0"&gt;\n    &lt;title&gt;Leave a Review | Fixify&lt;/title&gt;\n    &lt;link href="https://cdn.jsdelivr.net/npm/bootstrap@5.3.0/dist/css/bootstrap.min.css" rel="stylesheet"&gt;\n    &lt;link href="https://cdn.jsdelivr.net/npm/bootstrap-icons@1.10.0/font/bootstrap-icons.css" rel="stylesheet"&gt;\n    &lt;style&gt;\n        :root {\n            --fixify-blue: #1a56a3;\n            --fixify-dark: #0d4a8c;\n            --fixify-light: #e6f0fa;\n        }\n        body {\n            background-color: #f8fbff;\n            font-family: -apple-system, BlinkMacSystemFont, \'Segoe UI\', Roboto, sans-serif;\n        }\n        .logo-container {\n            text-align: center;\n            margin-bottom: 2rem;\n        }\n        .logo-img {\n            width: 110px;\n            height: auto;\n            filter: drop-shadow(0 4px 6px rgba(0,0,0,0.1));\n        }\n        .brand-title {\n            color: var(--fixify-dark);\n            font-weight: 700;\n            letter-spacing: -0.5px;\n        }\n        .review-form {\n            background: white;\n            border-radius: 12px;\n            box-shadow: 0 6px 20px rgba(26, 86, 163, 0.08);\n            padding: 2rem;\n        }\n        .rating-group {\n            margin-bottom: 1.5rem;\n        }\n        .rating-item {\n            display: flex;\n            align-items: center;\n            gap: 1rem;\n            margin-bottom: 0.5rem;\n        }\n        .star-rating {\n            color: #ffc107;\n            font-size: 1.2rem;\n        }\n        .stars {\n            display: flex;\n        }\n        .btn-success {\n            background-color: var(--fixify-blue);\n            border-color: var(--fixify-dark);\n            font-weight: 600;\n            padding: 0.75rem 1.5rem;\n        }\n        .btn-success:hover {\n            background-color: var(--fixify-dark);\n        }\n        .btn-link {\n            color: var(--fixify-blue);\n            font-weight: 600;\n        }\n        .form-label {\n            font-weight: 600;\n            color: #2c3e50;\n        }\n        .private-note {\n            background-color: #f8f9fa;\n            border-left: 4px solid #0d6efd;\n            padding: 1rem;\n            margin: 1rem 0;\n        }\n        .edit-warning {\n            background-color: #fff3cd;\n            border: 1px solid #ffeaa7;\n            border-radius: 8px;\n            padding: 1rem;\n            margin-bottom: 1.5rem;\n        }\n        .photo-preview {\n            border-radius: 8px;\n            width: 100%;\n            height: 200px;\n            object-fit: cover;\n            margin-bottom: 1rem;\n            border: 1px solid #e0e7f0;\n        }\n        .no-photo {\n            background: #f0f4f8;\n            border-radius: 8px;\n            width: 100%;\n            height: 200px;\n            display: flex;\n            align-items: center;\n            justify-content: center;\n            border: 1px dashed #cbd9ed;\n            color: #6c757d;\n        }\n        .photo-help {\n            font-size: 0.85rem;\n            color: #6c757d;\n            margin-top: 0.5rem;\n        }\n        .character-count {\n            font-size: 0.85rem;\n            color: #6c757d;\n            text-align: right;\n        }\n    &lt;/style&gt;\n&lt;/head&gt;\n&lt;body&gt;\n    &lt;div class="container py-5"&gt;\n        &lt;!-- Logo &amp; Title --&gt;\n        &lt;div class="logo-container"&gt;\n            &lt;img src="/static/images/Fixify.png" \n                 alt="Fixify Logo" \n                 class="logo-img"&gt;\n            &lt;h1 class="brand-title mt-3"&gt;Leave a Review&lt;/h1&gt;\n            &lt;p class="text-muted"&gt;Share your experience with Fix Boiler&lt;/p&gt;\n        &lt;/div&gt;\n\n        &lt;!-- Edit Warning (only shown when editing) --&gt;\n        \n\n        &lt;!-- Expanded: existing review form is reused after a completed accepted job. --&gt;\n        &lt;div class="row justify-content-center"&gt;\n            &lt;div class="col-lg-6 col-md-8"&gt;\n                &lt;div class="review-form"&gt;\n                    &lt;form method="POST" enctype="multipart/form-data"&gt;\n                        &lt;!-- Kept: homeowner public review ratings. --&gt;\n                        \n                            &lt;div class="rating-group"&gt;\n                                &lt;h5 class="mb-3 d-flex align-items-center"&gt;\n                                    &lt;i class="bi bi-star me-2" style="color: #ffc107;"&gt;&lt;/i&gt;\n                                    Rate Your Experience\n                                &lt;/h5&gt;\n                                \n                                &lt;div class="rating-item"&gt;\n                                    &lt;label&gt;Quality of Work:&lt;/label&gt;\n                                    &lt;div class="stars star-rating"&gt;\n                                        \n                                            &lt;input type="radio" name="quality_rating" value="1" \n                                                   required \n                                                   &gt;\n                                            &lt;i class="bi bi-star"&gt;&lt;/i&gt;\n                                        \n                                            &lt;input type="radio" name="quality_rating" value="2" \n                                                   required \n                                                   &gt;\n                                            &lt;i class="bi bi-star"&gt;&lt;/i&gt;\n                                        \n                                            &lt;input type="radio" name="quality_rating" value="3" \n                                                   required \n                                                   &gt;\n                                            &lt;i class="bi bi-star"&gt;&lt;/i&gt;\n                                        \n                                            &lt;input type="radio" name="quality_rating" value="4" \n                                                   required \n                                                   &gt;\n                                            &lt;i class="bi bi-star"&gt;&lt;/i&gt;\n                                        \n                                            &lt;input type="radio" name="quality_rating" value="5" \n                                                   required \n                                                   &gt;\n                                            &lt;i class="bi bi-star"&gt;&lt;/i&gt;\n                                        \n                                    &lt;/div&gt;\n                                &lt;/div&gt;\n                                \n                                &lt;div class="rating-item"&gt;\n                                    &lt;label&gt;Punctuality:&lt;/label&gt;\n                                    &lt;div class="stars star-rating"&gt;\n                                        \n                                            &lt;input type="radio" name="punctuality_rating" value="1" \n                                                   required \n                                                   &gt;\n                                            &lt;i class="bi bi-star"&gt;&lt;/i&gt;\n                                        \n                                            &lt;input type="radio" name="punctuality_rating" value="2" \n                                                   required \n                                                   &gt;\n                                            &lt;i class="bi bi-star"&gt;&lt;/i&gt;\n                                        \n                                            &lt;input type="radio" name="punctuality_rating" value="3" \n                                                   required \n                                                   &gt;\n                                            &lt;i class="bi bi-star"&gt;&lt;/i&gt;\n                                        \n                                            &lt;input type="radio" name="punctuality_rating" value="4" \n                                                   required \n                                                   &gt;\n                                            &lt;i class="bi bi-star"&gt;&lt;/i&gt;\n                                        \n                                            &lt;input type="radio" name="punctuality_rating" value="5" \n                                                   required \n                                                   &gt;\n                                            &lt;i class="bi bi-star"&gt;&lt;/i&gt;\n                                        \n                                    &lt;/div&gt;\n                                &lt;/div&gt;\n                                \n                                &lt;div class="rating-item"&gt;\n                                    &lt;label&gt;Communication:&lt;/label&gt;\n                                    &lt;div class="stars star-rating"&gt;\n                                        \n                                            &lt;input type="radio" name="communication_rating" value="1" \n                                                   required \n                                                   &gt;\n                                            &lt;i class="bi bi-star"&gt;&lt;/i&gt;\n                                        \n                                            &lt;input type="radio" name="communication_rating" value="2" \n                                                   required \n                                                   &gt;\n                                            &lt;i class="bi bi-star"&gt;&lt;/i&gt;\n                                        \n                                            &lt;input type="radio" name="communication_rating" value="3" \n                                                   required \n                                                   &gt;\n                                            &lt;i class="bi bi-star"&gt;&lt;/i&gt;\n                                        \n                                            &lt;input type="radio" name="communication_rating" value="4" \n                                                   required \n                                                   &gt;\n                                            &lt;i class="bi bi-star"&gt;&lt;/i&gt;\n                                        \n                                            &lt;input type="radio" name="communication_rating" value="5" \n                                                   required \n                                                   &gt;\n                                            &lt;i class="bi bi-star"&gt;&lt;/i&gt;\n                                        \n                                    &lt;/div&gt;\n                                &lt;/div&gt;\n                            &lt;/div&gt;\n                        \n                        \n                        &lt;div class="mb-4"&gt;\n                            &lt;label class="form-label"&gt;Your Comments (Optional)&lt;/label&gt;\n                            &lt;textarea name="comment" class="form-control" rows="4" \n                                      placeholder="Share details about your experience..."&gt;&lt;/textarea&gt;\n                            &lt;div class="character-count"&gt;Max 500 characters&lt;/div&gt;\n                        &lt;/div&gt;\n                        \n                        &lt;!-- Current Photo (when editing) --&gt;\n                        \n                        \n                        &lt;div class="mb-4"&gt;\n                            &lt;label class="form-label"&gt;Add a Photo (Optional)&lt;/label&gt;\n                            &lt;div class="mb-2"&gt;\n                                &lt;div class="no-photo" id="photo-preview"&gt;\n                                    \n                                        &lt;i class="bi bi-camera me-2"&gt;&lt;/i&gt;\n                                        No photo selected\n                                    \n                                &lt;/div&gt;\n                            &lt;/div&gt;\n                            &lt;input type="file" name="photo" class="form-control" accept="image/*" \n                                   onchange="previewPhoto(this)"&gt;\n                            &lt;div class="photo-help"&gt;\n                                &lt;i class="bi bi-info-circle me-1"&gt;&lt;/i&gt; \n                                Upload a photo related to the service (max 16MB)\n                            &lt;/div&gt;\n                        &lt;/div&gt;\n\n                        &lt;div class="d-grid gap-3"&gt;\n                            &lt;button type="submit" class="btn btn-success btn-lg"&gt;\n                                &lt;i class="bi bi-check-circle-fill me-2"&gt;&lt;/i&gt;\n                                Submit Review\n                            &lt;/button&gt;\n                            &lt;!-- Expanded: cancel returns to the bidding workflow when opened from a completed job. --&gt;\n                            \n                            &lt;a href="/job/1" class="btn btn-link text-center"&gt;\n                            \n                                \xe2\x86\x90 Cancel\n                            &lt;/a&gt;\n                        &lt;/div&gt;\n                    &lt;/form&gt;\n                &lt;/div&gt;\n            &lt;/div&gt;\n        &lt;/div&gt;\n        \n        &lt;script&gt;\n            function previewPhoto(input) {\n                if (input.files &amp;&amp; input.files[0]) {\n                    var reader = new FileReader();\n                    \n                    reader.onload = function(e) {\n                        var preview = document.getElementById(\'photo-preview\');\n                        preview.innerHTML = \'&lt;img src="\' + e.target.result + \'" class="photo-preview" alt="Preview"&gt;\';\n                    }\n                    \n                    reader.readAsDataURL(input.files[0]);\n                }\n            }\n        &lt;/script&gt;\n    &lt;/div&gt;\n&lt;/body&gt;\n&lt;/html&gt;\n\n\n&lt;/main&gt;\n\n&lt;!-- Optional JavaScript --&gt;\n&lt;script src="https://code.jquery.com/jquery-3.3.1.slim.min.js"&gt;&lt;/script&gt;\n&lt;script src="https://cdnjs.cloudflare.com/ajax/libs/popper.js/1.14.7/umd/popper.min.js"&gt;&lt;/script&gt;\n&lt;script src="https://stackpath.bootstrapcdn.com/bootstrap/4.3.1/js/bootstrap.min.js"&gt;&lt;/script&gt;\n\n&lt;/body&gt;\n&lt;/html&gt;' : 
E     ❌ FAILED: Expected flash 'Error, this format for images is not accepted' not found in response.</failure></testcase><testcase classname="tests.test_app.TestPostingReview" name="test_image_upload_valid_format" time="0.007" /><testcase classname="tests.test_app.TestPostingReview" name="test_invalid_submission_comment_over_500" time="0.005" /><testcase classname="tests.test_app.TestPostingReview" name="test_valid_submission_missing_comment" time="0.006" /></testsuite></testsuites>